  [1m[35m (0.1ms)[0m  [1m[34mSELECT sqlite_version(*)[0m
  ↳ /usr/lib/ruby/vendor_ruby/rake/task.rb:271
  [1m[35m (101.1ms)[0m  [1m[35mCREATE TABLE "schema_migrations" ("version" varchar NOT NULL PRIMARY KEY)[0m
  ↳ /usr/lib/ruby/vendor_ruby/rake/task.rb:271
  [1m[35m (88.1ms)[0m  [1m[35mCREATE TABLE "ar_internal_metadata" ("key" varchar NOT NULL PRIMARY KEY, "value" varchar, "created_at" datetime NOT NULL, "updated_at" datetime NOT NULL)[0m
  ↳ /usr/lib/ruby/vendor_ruby/rake/task.rb:271
  [1m[35m (0.1ms)[0m  [1m[34mSELECT "schema_migrations"."version" FROM "schema_migrations" ORDER BY "schema_migrations"."version" ASC[0m
  ↳ /usr/lib/ruby/vendor_ruby/rake/task.rb:271
Migrating to AddDeviseToUsers (20181115203131)
  [1m[35m (0.1ms)[0m  [1m[36mbegin transaction[0m
  ↳ /usr/lib/ruby/vendor_ruby/rake/task.rb:271
  [1m[35m (0.3ms)[0m  [1m[35mALTER TABLE "users" ADD "email" varchar DEFAULT '' NOT NULL[0m
  ↳ db/migrate/20181115203131_add_devise_to_users.rb:7
  [1m[35m (0.0ms)[0m  [1m[31mrollback transaction[0m
  ↳ /usr/lib/ruby/vendor_ruby/rake/task.rb:271
  [1m[35m (0.1ms)[0m  [1m[34mSELECT "schema_migrations"."version" FROM "schema_migrations" ORDER BY "schema_migrations"."version" ASC[0m
  ↳ /usr/lib/ruby/vendor_ruby/rake/task.rb:271
Migrating to CreateUsers (20181115202746)
  [1m[35m (0.0ms)[0m  [1m[36mbegin transaction[0m
  ↳ /usr/lib/ruby/vendor_ruby/rake/task.rb:271
  [1m[35m (0.0ms)[0m  [1m[34mSELECT sqlite_version(*)[0m
  ↳ db/migrate/20181115202746_create_users.rb:3
  [1m[35m (0.2ms)[0m  [1m[35mCREATE TABLE "users" ("id" integer PRIMARY KEY AUTOINCREMENT NOT NULL, "email" varchar, "created_at" datetime NOT NULL, "updated_at" datetime NOT NULL)[0m
  ↳ db/migrate/20181115202746_create_users.rb:3
  [1m[36mActiveRecord::SchemaMigration Create (0.1ms)[0m  [1m[32mINSERT INTO "schema_migrations" ("version") VALUES (?)[0m  [["version", "20181115202746"]]
  ↳ /usr/lib/ruby/vendor_ruby/rake/task.rb:271
  [1m[35m (83.9ms)[0m  [1m[36mcommit transaction[0m
  ↳ /usr/lib/ruby/vendor_ruby/rake/task.rb:271
Migrating to AddDeviseToUsers (20181115203131)
  [1m[35m (0.1ms)[0m  [1m[36mbegin transaction[0m
  ↳ /usr/lib/ruby/vendor_ruby/rake/task.rb:271
  [1m[35m (0.6ms)[0m  [1m[35mALTER TABLE "users" ADD "email" varchar DEFAULT '' NOT NULL[0m
  ↳ db/migrate/20181115203131_add_devise_to_users.rb:7
  [1m[35m (0.1ms)[0m  [1m[31mrollback transaction[0m
  ↳ /usr/lib/ruby/vendor_ruby/rake/task.rb:271
  [1m[35m (0.1ms)[0m  [1m[34mSELECT "schema_migrations"."version" FROM "schema_migrations" ORDER BY "schema_migrations"."version" ASC[0m
  ↳ /usr/lib/ruby/vendor_ruby/rake/task.rb:271
  [1m[35m (0.2ms)[0m  [1m[34mSELECT "ar_internal_metadata"."value" FROM "ar_internal_metadata" WHERE "ar_internal_metadata"."key" = ?[0m  [["key", "environment"]]
  ↳ /usr/lib/ruby/vendor_ruby/rake/task.rb:271
  [1m[35m (0.1ms)[0m  [1m[34mSELECT "schema_migrations"."version" FROM "schema_migrations" ORDER BY "schema_migrations"."version" ASC[0m
  ↳ /usr/lib/ruby/vendor_ruby/rake/task.rb:271
  [1m[35m (0.1ms)[0m  [1m[34mSELECT "ar_internal_metadata"."value" FROM "ar_internal_metadata" WHERE "ar_internal_metadata"."key" = ?[0m  [["key", "environment"]]
  ↳ /usr/lib/ruby/vendor_ruby/rake/task.rb:271
  [1m[36mActiveRecord::InternalMetadata Load (0.1ms)[0m  [1m[34mSELECT  "ar_internal_metadata".* FROM "ar_internal_metadata" WHERE "ar_internal_metadata"."key" = ? LIMIT ?[0m  [["key", "environment"], ["LIMIT", 1]]
  ↳ /usr/lib/ruby/vendor_ruby/rake/task.rb:271
  [1m[35m (0.0ms)[0m  [1m[36mbegin transaction[0m
  ↳ /usr/lib/ruby/vendor_ruby/rake/task.rb:271
  [1m[36mActiveRecord::InternalMetadata Create (0.2ms)[0m  [1m[32mINSERT INTO "ar_internal_metadata" ("key", "value", "created_at", "updated_at") VALUES (?, ?, ?, ?)[0m  [["key", "environment"], ["value", "development"], ["created_at", "2018-11-15 20:36:14.133922"], ["updated_at", "2018-11-15 20:36:14.133922"]]
  ↳ /usr/lib/ruby/vendor_ruby/rake/task.rb:271
  [1m[35m (72.2ms)[0m  [1m[36mcommit transaction[0m
  ↳ /usr/lib/ruby/vendor_ruby/rake/task.rb:271
  [1m[35m (0.1ms)[0m  [1m[34mSELECT "schema_migrations"."version" FROM "schema_migrations" ORDER BY "schema_migrations"."version" ASC[0m
  ↳ /usr/lib/ruby/vendor_ruby/rake/task.rb:271
  [1m[35m (0.1ms)[0m  [1m[34mSELECT "ar_internal_metadata"."value" FROM "ar_internal_metadata" WHERE "ar_internal_metadata"."key" = ?[0m  [["key", "environment"]]
  ↳ /usr/lib/ruby/vendor_ruby/rake/task.rb:271
  [1m[35m (0.0ms)[0m  [1m[34mSELECT "schema_migrations"."version" FROM "schema_migrations" ORDER BY "schema_migrations"."version" ASC[0m
  ↳ /usr/lib/ruby/vendor_ruby/rake/task.rb:271
  [1m[35m (0.0ms)[0m  [1m[34mSELECT "ar_internal_metadata"."value" FROM "ar_internal_metadata" WHERE "ar_internal_metadata"."key" = ?[0m  [["key", "environment"]]
  ↳ /usr/lib/ruby/vendor_ruby/rake/task.rb:271
  [1m[35m (0.0ms)[0m  [1m[34mSELECT "schema_migrations"."version" FROM "schema_migrations" ORDER BY "schema_migrations"."version" ASC[0m
  ↳ /usr/lib/ruby/vendor_ruby/rake/task.rb:271
  [1m[35m (0.0ms)[0m  [1m[34mSELECT "ar_internal_metadata"."value" FROM "ar_internal_metadata" WHERE "ar_internal_metadata"."key" = ?[0m  [["key", "environment"]]
  ↳ /usr/lib/ruby/vendor_ruby/rake/task.rb:271
  [1m[35m (0.0ms)[0m  [1m[34mSELECT sqlite_version(*)[0m
  ↳ /usr/lib/ruby/vendor_ruby/rake/task.rb:271
  [1m[35m (95.2ms)[0m  [1m[35mCREATE TABLE "schema_migrations" ("version" varchar NOT NULL PRIMARY KEY)[0m
  ↳ /usr/lib/ruby/vendor_ruby/rake/task.rb:271
  [1m[35m (90.8ms)[0m  [1m[35mCREATE TABLE "ar_internal_metadata" ("key" varchar NOT NULL PRIMARY KEY, "value" varchar, "created_at" datetime NOT NULL, "updated_at" datetime NOT NULL)[0m
  ↳ /usr/lib/ruby/vendor_ruby/rake/task.rb:271
  [1m[35m (0.2ms)[0m  [1m[34mSELECT "schema_migrations"."version" FROM "schema_migrations" ORDER BY "schema_migrations"."version" ASC[0m
  ↳ /usr/lib/ruby/vendor_ruby/rake/task.rb:271
Migrating to CreateUsers (20181115202746)
  [1m[35m (0.1ms)[0m  [1m[36mbegin transaction[0m
  ↳ /usr/lib/ruby/vendor_ruby/rake/task.rb:271
  [1m[35m (0.4ms)[0m  [1m[35mCREATE TABLE "users" ("id" integer PRIMARY KEY AUTOINCREMENT NOT NULL)[0m
  ↳ db/migrate/20181115202746_create_users.rb:3
  [1m[36mActiveRecord::SchemaMigration Create (0.1ms)[0m  [1m[32mINSERT INTO "schema_migrations" ("version") VALUES (?)[0m  [["version", "20181115202746"]]
  ↳ /usr/lib/ruby/vendor_ruby/rake/task.rb:271
  [1m[35m (105.4ms)[0m  [1m[36mcommit transaction[0m
  ↳ /usr/lib/ruby/vendor_ruby/rake/task.rb:271
Migrating to AddDeviseToUsers (20181115203131)
  [1m[35m (0.1ms)[0m  [1m[36mbegin transaction[0m
  ↳ /usr/lib/ruby/vendor_ruby/rake/task.rb:271
  [1m[35m (0.4ms)[0m  [1m[35mALTER TABLE "users" ADD "email" varchar DEFAULT '' NOT NULL[0m
  ↳ db/migrate/20181115203131_add_devise_to_users.rb:7
  [1m[35m (0.2ms)[0m  [1m[35mALTER TABLE "users" ADD "encrypted_password" varchar DEFAULT '' NOT NULL[0m
  ↳ db/migrate/20181115203131_add_devise_to_users.rb:8
  [1m[35m (0.2ms)[0m  [1m[35mALTER TABLE "users" ADD "admin" boolean DEFAULT 0 NOT NULL[0m
  ↳ db/migrate/20181115203131_add_devise_to_users.rb:9
  [1m[35m (0.2ms)[0m  [1m[35mALTER TABLE "users" ADD "reset_password_token" varchar[0m
  ↳ db/migrate/20181115203131_add_devise_to_users.rb:12
  [1m[35m (0.2ms)[0m  [1m[35mALTER TABLE "users" ADD "reset_password_sent_at" datetime[0m
  ↳ db/migrate/20181115203131_add_devise_to_users.rb:13
  [1m[35m (0.2ms)[0m  [1m[35mALTER TABLE "users" ADD "remember_created_at" datetime[0m
  ↳ db/migrate/20181115203131_add_devise_to_users.rb:16
  [1m[35m (0.2ms)[0m  [1m[35mALTER TABLE "users" ADD "confirmation_token" varchar[0m
  ↳ db/migrate/20181115203131_add_devise_to_users.rb:26
  [1m[35m (0.2ms)[0m  [1m[35mALTER TABLE "users" ADD "confirmed_at" datetime[0m
  ↳ db/migrate/20181115203131_add_devise_to_users.rb:27
  [1m[35m (0.2ms)[0m  [1m[35mALTER TABLE "users" ADD "confirmation_sent_at" datetime[0m
  ↳ db/migrate/20181115203131_add_devise_to_users.rb:28
  [1m[35m (0.2ms)[0m  [1m[35mALTER TABLE "users" ADD "unconfirmed_email" varchar[0m
  ↳ db/migrate/20181115203131_add_devise_to_users.rb:29
  [1m[35m (0.2ms)[0m  [1m[35mCREATE UNIQUE INDEX "index_users_on_email" ON "users" ("email")[0m
  ↳ db/migrate/20181115203131_add_devise_to_users.rb:41
  [1m[35m (0.1ms)[0m  [1m[35mCREATE UNIQUE INDEX "index_users_on_reset_password_token" ON "users" ("reset_password_token")[0m
  ↳ db/migrate/20181115203131_add_devise_to_users.rb:42
  [1m[36mActiveRecord::SchemaMigration Create (0.1ms)[0m  [1m[32mINSERT INTO "schema_migrations" ("version") VALUES (?)[0m  [["version", "20181115203131"]]
  ↳ /usr/lib/ruby/vendor_ruby/rake/task.rb:271
  [1m[35m (89.8ms)[0m  [1m[36mcommit transaction[0m
  ↳ /usr/lib/ruby/vendor_ruby/rake/task.rb:271
  [1m[36mActiveRecord::InternalMetadata Load (0.2ms)[0m  [1m[34mSELECT  "ar_internal_metadata".* FROM "ar_internal_metadata" WHERE "ar_internal_metadata"."key" = ? LIMIT ?[0m  [["key", "environment"], ["LIMIT", 1]]
  ↳ /usr/lib/ruby/vendor_ruby/rake/task.rb:271
  [1m[35m (0.1ms)[0m  [1m[36mbegin transaction[0m
  ↳ /usr/lib/ruby/vendor_ruby/rake/task.rb:271
  [1m[36mActiveRecord::InternalMetadata Create (0.3ms)[0m  [1m[32mINSERT INTO "ar_internal_metadata" ("key", "value", "created_at", "updated_at") VALUES (?, ?, ?, ?)[0m  [["key", "environment"], ["value", "development"], ["created_at", "2018-11-15 20:36:23.846130"], ["updated_at", "2018-11-15 20:36:23.846130"]]
  ↳ /usr/lib/ruby/vendor_ruby/rake/task.rb:271
  [1m[35m (63.2ms)[0m  [1m[36mcommit transaction[0m
  ↳ /usr/lib/ruby/vendor_ruby/rake/task.rb:271
  [1m[35m (0.1ms)[0m  [1m[34mSELECT "schema_migrations"."version" FROM "schema_migrations" ORDER BY "schema_migrations"."version" ASC[0m
  ↳ /usr/lib/ruby/vendor_ruby/rake/task.rb:271
Started GET "/" for 127.0.0.1 at 2018-11-15 23:37:06 +0300
  [1m[35m (0.1ms)[0m  [1m[34mSELECT "schema_migrations"."version" FROM "schema_migrations" ORDER BY "schema_migrations"."version" ASC[0m
  ↳ /var/lib/gems/2.5.0/gems/activerecord-5.2.1/lib/active_record/log_subscriber.rb:98
Processing by HomeController#index as HTML
  Rendering home/index.html.erb within layouts/application
  Rendered home/index.html.erb within layouts/application (0.9ms)
Completed 200 OK in 1149ms (Views: 1141.8ms | ActiveRecord: 0.0ms)


Started GET "/" for 127.0.0.1 at 2018-11-15 23:39:24 +0300
Processing by HomeController#index as HTML
  Rendering home/index.html.erb within layouts/application
  Rendered home/index.html.erb within layouts/application (0.6ms)
  Rendered devise/menu/_registration_items.erb (2.5ms)
  Rendered devise/menu/_login_items.erb (0.4ms)
Completed 200 OK in 28ms (Views: 26.4ms | ActiveRecord: 0.0ms)


Started GET "/users/sign_up" for 127.0.0.1 at 2018-11-15 23:39:25 +0300
Processing by Devise::RegistrationsController#new as HTML
  Rendering devise/registrations/new.html.erb within layouts/application
  Rendered devise/shared/_links.html.erb (1.7ms)
  Rendered devise/registrations/new.html.erb within layouts/application (26.8ms)
  Rendered devise/menu/_registration_items.erb (0.5ms)
  Rendered devise/menu/_login_items.erb (0.6ms)
Completed 200 OK in 56ms (Views: 45.6ms | ActiveRecord: 0.6ms)


Started GET "/users/sign_in" for 127.0.0.1 at 2018-11-15 23:39:26 +0300
Processing by Devise::SessionsController#new as HTML
  Rendering devise/sessions/new.html.erb within layouts/application
  Rendered devise/shared/_links.html.erb (1.1ms)
  Rendered devise/sessions/new.html.erb within layouts/application (4.9ms)
  Rendered devise/menu/_registration_items.erb (0.6ms)
  Rendered devise/menu/_login_items.erb (0.3ms)
Completed 200 OK in 23ms (Views: 20.6ms | ActiveRecord: 0.0ms)


Started GET "/users/sign_up" for 127.0.0.1 at 2018-11-15 23:39:28 +0300
Processing by Devise::RegistrationsController#new as HTML
  Rendering devise/registrations/new.html.erb within layouts/application
  Rendered devise/shared/_links.html.erb (1.0ms)
  Rendered devise/registrations/new.html.erb within layouts/application (6.3ms)
  Rendered devise/menu/_registration_items.erb (0.5ms)
  Rendered devise/menu/_login_items.erb (1.6ms)
Completed 200 OK in 25ms (Views: 24.2ms | ActiveRecord: 0.0ms)


Started GET "/" for 127.0.0.1 at 2018-11-15 23:39:56 +0300
Processing by HomeController#index as HTML
  Rendering home/index.html.erb within layouts/application
  Rendered home/index.html.erb within layouts/application (0.3ms)
  Rendered devise/menu/_registration_items.erb (0.6ms)
  Rendered devise/menu/_login_items.erb (0.4ms)
Completed 200 OK in 35ms (Views: 33.8ms | ActiveRecord: 0.0ms)


Started GET "/users/sign_up" for 127.0.0.1 at 2018-11-15 23:39:58 +0300
Processing by Devise::RegistrationsController#new as HTML
  Rendering devise/registrations/new.html.erb within layouts/application
  Rendered devise/shared/_links.html.erb (0.8ms)
  Rendered devise/registrations/new.html.erb within layouts/application (4.1ms)
  Rendered devise/menu/_registration_items.erb (0.7ms)
  Rendered devise/menu/_login_items.erb (0.6ms)
Completed 200 OK in 27ms (Views: 25.6ms | ActiveRecord: 0.0ms)


Started GET "/users/sign_in" for 127.0.0.1 at 2018-11-15 23:40:00 +0300
Processing by Devise::SessionsController#new as HTML
  Rendering devise/sessions/new.html.erb within layouts/application
  Rendered devise/shared/_links.html.erb (0.9ms)
  Rendered devise/sessions/new.html.erb within layouts/application (4.6ms)
  Rendered devise/menu/_registration_items.erb (0.5ms)
  Rendered devise/menu/_login_items.erb (0.5ms)
Completed 200 OK in 25ms (Views: 23.5ms | ActiveRecord: 0.0ms)


Started GET "/users/sign_up" for 127.0.0.1 at 2018-11-15 23:40:02 +0300
Processing by Devise::RegistrationsController#new as HTML
  Rendering devise/registrations/new.html.erb within layouts/application
  Rendered devise/shared/_links.html.erb (0.8ms)
  Rendered devise/registrations/new.html.erb within layouts/application (3.2ms)
  Rendered devise/menu/_registration_items.erb (0.5ms)
  Rendered devise/menu/_login_items.erb (0.3ms)
Completed 200 OK in 21ms (Views: 20.5ms | ActiveRecord: 0.0ms)


Started GET "/users/sign_up" for 127.0.0.1 at 2018-11-15 23:42:22 +0300
  [1m[35m (0.1ms)[0m  [1m[34mSELECT "schema_migrations"."version" FROM "schema_migrations" ORDER BY "schema_migrations"."version" ASC[0m
  ↳ /var/lib/gems/2.5.0/gems/activerecord-5.2.1/lib/active_record/log_subscriber.rb:98
Processing by Devise::RegistrationsController#new as HTML
  Rendering devise/registrations/new.html.erb within layouts/application
  Rendered devise/shared/_links.html.erb (0.9ms)
  Rendered devise/registrations/new.html.erb within layouts/application (6.7ms)
  Rendered devise/menu/_registration_items.erb (0.5ms)
  Rendered devise/menu/_login_items.erb (0.3ms)
Completed 200 OK in 185ms (Views: 163.1ms | ActiveRecord: 0.5ms)


Started POST "/users" for 127.0.0.1 at 2018-11-15 23:42:30 +0300
Processing by Devise::RegistrationsController#create as HTML
  Parameters: {"utf8"=>"✓", "authenticity_token"=>"w6jhmCs5g3YoD9VY3ksg36rfWEuJCLCuHjDC9xvKZ2amx33LIan/70wooPquQxS8+8Ns2UYY2gLnPROnONZoww==", "user"=>{"email"=>"mythbusterpeter@gmail.com", "password"=>"[FILTERED]", "password_confirmation"=>"[FILTERED]"}, "commit"=>"Sign up"}
  [1m[35m (0.1ms)[0m  [1m[36mbegin transaction[0m
  ↳ /var/lib/gems/2.5.0/gems/activerecord-5.2.1/lib/active_record/log_subscriber.rb:98
  [1m[36mUser Exists (0.1ms)[0m  [1m[34mSELECT  1 AS one FROM "users" WHERE "users"."email" = ? LIMIT ?[0m  [["email", "mythbusterpeter@gmail.com"], ["LIMIT", 1]]
  ↳ /var/lib/gems/2.5.0/gems/activerecord-5.2.1/lib/active_record/log_subscriber.rb:98
  [1m[36mUser Create (0.2ms)[0m  [1m[32mINSERT INTO "users" ("email", "encrypted_password", "confirmation_token", "confirmation_sent_at") VALUES (?, ?, ?, ?)[0m  [["email", "mythbusterpeter@gmail.com"], ["encrypted_password", "$2a$11$xYO.MPQMqYp3pK7MW9diOOOXE.vqrpiTxlakAvrfzOOXUBjq./SKG"], ["confirmation_token", "xJvQ1KbYB9H4HpDR79Z1"], ["confirmation_sent_at", "2018-11-15 20:42:30.358261"]]
  ↳ /var/lib/gems/2.5.0/gems/activerecord-5.2.1/lib/active_record/log_subscriber.rb:98
  [1m[35m (60.4ms)[0m  [1m[36mcommit transaction[0m
  ↳ /var/lib/gems/2.5.0/gems/activerecord-5.2.1/lib/active_record/log_subscriber.rb:98
  Rendering devise/mailer/confirmation_instructions.html.erb
  Rendered devise/mailer/confirmation_instructions.html.erb (0.5ms)
Devise::Mailer#confirmation_instructions: processed outbound mail in 956.6ms
Sent mail to mythbusterpeter@gmail.com (2241.6ms)
Date: Thu, 15 Nov 2018 23:42:31 +0300
From: please-change-me-at-config-initializers-devise@example.com
Reply-To: please-change-me-at-config-initializers-devise@example.com
To: mythbusterpeter@gmail.com
Message-ID: <5bedda377f70f_11752b17b0323b7c58430@petyan-desktop.mail>
Subject: Confirmation instructions
Mime-Version: 1.0
Content-Type: text/html;
 charset=UTF-8
Content-Transfer-Encoding: 7bit

<p>Welcome mythbusterpeter@gmail.com!</p>

<p>You can confirm your account email through the link below:</p>

<p><a href="http://localhost:3000/users/confirmation?confirmation_token=xJvQ1KbYB9H4HpDR79Z1">Confirm my account</a></p>

Redirected to http://localhost:3000/
Completed 302 Found in 3536ms (ActiveRecord: 60.8ms)


Started GET "/" for 127.0.0.1 at 2018-11-15 23:42:33 +0300
Processing by HomeController#index as HTML
  Rendering home/index.html.erb within layouts/application
  Rendered home/index.html.erb within layouts/application (0.2ms)
  Rendered devise/menu/_registration_items.erb (0.9ms)
  Rendered devise/menu/_login_items.erb (0.3ms)
Completed 200 OK in 26ms (Views: 24.4ms | ActiveRecord: 0.0ms)


Started GET "/users/confirmation?confirmation_token=xJvQ1KbYB9H4HpDR79Z1" for 127.0.0.1 at 2018-11-15 23:42:45 +0300
Processing by Devise::ConfirmationsController#show as HTML
  Parameters: {"confirmation_token"=>"xJvQ1KbYB9H4HpDR79Z1"}
  [1m[36mUser Load (0.2ms)[0m  [1m[34mSELECT  "users".* FROM "users" WHERE "users"."confirmation_token" = ? ORDER BY "users"."id" ASC LIMIT ?[0m  [["confirmation_token", "xJvQ1KbYB9H4HpDR79Z1"], ["LIMIT", 1]]
  ↳ /var/lib/gems/2.5.0/gems/activerecord-5.2.1/lib/active_record/log_subscriber.rb:98
  [1m[35m (0.1ms)[0m  [1m[36mbegin transaction[0m
  ↳ /var/lib/gems/2.5.0/gems/activerecord-5.2.1/lib/active_record/log_subscriber.rb:98
  [1m[36mUser Update (0.8ms)[0m  [1m[33mUPDATE "users" SET "confirmed_at" = ? WHERE "users"."id" = ?[0m  [["confirmed_at", "2018-11-15 20:42:45.861948"], ["id", 1]]
  ↳ /var/lib/gems/2.5.0/gems/activerecord-5.2.1/lib/active_record/log_subscriber.rb:98
  [1m[35m (128.9ms)[0m  [1m[36mcommit transaction[0m
  ↳ /var/lib/gems/2.5.0/gems/activerecord-5.2.1/lib/active_record/log_subscriber.rb:98
Redirected to http://localhost:3000/users/sign_in
Completed 302 Found in 140ms (ActiveRecord: 130.1ms)


Started GET "/users/sign_in" for 127.0.0.1 at 2018-11-15 23:42:46 +0300
Processing by Devise::SessionsController#new as HTML
  Rendering devise/sessions/new.html.erb within layouts/application
  Rendered devise/shared/_links.html.erb (1.5ms)
  Rendered devise/sessions/new.html.erb within layouts/application (5.5ms)
  Rendered devise/menu/_registration_items.erb (0.5ms)
  Rendered devise/menu/_login_items.erb (0.8ms)
Completed 200 OK in 41ms (Views: 37.6ms | ActiveRecord: 0.0ms)


Started GET "/users/sign_in" for 127.0.0.1 at 2018-11-15 23:42:49 +0300
Processing by Devise::SessionsController#new as HTML
  Rendering devise/sessions/new.html.erb within layouts/application
  Rendered devise/shared/_links.html.erb (1.1ms)
  Rendered devise/sessions/new.html.erb within layouts/application (3.5ms)
  Rendered devise/menu/_registration_items.erb (0.7ms)
  Rendered devise/menu/_login_items.erb (0.3ms)
Completed 200 OK in 31ms (Views: 29.9ms | ActiveRecord: 0.0ms)


Started POST "/users/sign_in" for 127.0.0.1 at 2018-11-15 23:42:53 +0300
Processing by Devise::SessionsController#create as HTML
  Parameters: {"utf8"=>"✓", "authenticity_token"=>"89VmmKYxYcbHGXXSIo80JRbtxqLULnq2j60G0dHmk6/FO7qIhXWcDKGAAvtne1uHcGjM/S/X50OolZg3esZACg==", "user"=>{"email"=>"mythbusterpeter@gmail.com", "password"=>"[FILTERED]", "remember_me"=>"0"}, "commit"=>"Log in"}
  [1m[36mUser Load (0.2ms)[0m  [1m[34mSELECT  "users".* FROM "users" WHERE "users"."email" = ? ORDER BY "users"."id" ASC LIMIT ?[0m  [["email", "mythbusterpeter@gmail.com"], ["LIMIT", 1]]
  ↳ /var/lib/gems/2.5.0/gems/activerecord-5.2.1/lib/active_record/log_subscriber.rb:98
Redirected to http://localhost:3000/
Completed 302 Found in 123ms (ActiveRecord: 0.2ms)


Started GET "/" for 127.0.0.1 at 2018-11-15 23:42:53 +0300
Processing by HomeController#index as HTML
  Rendering home/index.html.erb within layouts/application
  Rendered home/index.html.erb within layouts/application (0.9ms)
  [1m[36mUser Load (0.2ms)[0m  [1m[34mSELECT  "users".* FROM "users" WHERE "users"."id" = ? ORDER BY "users"."id" ASC LIMIT ?[0m  [["id", 1], ["LIMIT", 1]]
  ↳ app/views/devise/menu/_registration_items.erb:1
  Rendered devise/menu/_registration_items.erb (1.4ms)
  Rendered devise/menu/_login_items.erb (0.3ms)
Completed 200 OK in 26ms (Views: 24.1ms | ActiveRecord: 0.2ms)


Started GET "/" for 127.0.0.1 at 2018-11-15 23:43:08 +0300
Processing by HomeController#index as HTML
  Rendering home/index.html.erb within layouts/application
  Rendered home/index.html.erb within layouts/application (0.5ms)
  [1m[36mUser Load (0.2ms)[0m  [1m[34mSELECT  "users".* FROM "users" WHERE "users"."id" = ? ORDER BY "users"."id" ASC LIMIT ?[0m  [["id", 1], ["LIMIT", 1]]
  ↳ app/views/devise/menu/_registration_items.erb:1
  Rendered devise/menu/_registration_items.erb (1.6ms)
  Rendered devise/menu/_login_items.erb (0.4ms)
Completed 200 OK in 23ms (Views: 21.6ms | ActiveRecord: 0.2ms)


Started DELETE "/users/sign_out" for 127.0.0.1 at 2018-11-15 23:43:38 +0300
Processing by Devise::SessionsController#destroy as HTML
  Parameters: {"authenticity_token"=>"LnsD4AbEAiP10sZKt3ejvH/N1f/I3xE99BCQ1iu3LC0Hqg1tjc3pgfPavFtp6zV1gcZVcF3+Qincp4OnMELHkw=="}
  [1m[36mUser Load (0.3ms)[0m  [1m[34mSELECT  "users".* FROM "users" WHERE "users"."id" = ? ORDER BY "users"."id" ASC LIMIT ?[0m  [["id", 1], ["LIMIT", 1]]
  ↳ /var/lib/gems/2.5.0/gems/activerecord-5.2.1/lib/active_record/log_subscriber.rb:98
  [1m[35m (0.1ms)[0m  [1m[36mbegin transaction[0m
  ↳ /var/lib/gems/2.5.0/gems/activerecord-5.2.1/lib/active_record/log_subscriber.rb:98
  [1m[35m (0.0ms)[0m  [1m[36mcommit transaction[0m
  ↳ /var/lib/gems/2.5.0/gems/activerecord-5.2.1/lib/active_record/log_subscriber.rb:98
Redirected to http://localhost:3000/
Completed 302 Found in 20ms (ActiveRecord: 0.4ms)


Started GET "/" for 127.0.0.1 at 2018-11-15 23:43:38 +0300
Processing by HomeController#index as HTML
  Rendering home/index.html.erb within layouts/application
  Rendered home/index.html.erb within layouts/application (0.2ms)
  Rendered devise/menu/_registration_items.erb (0.6ms)
  Rendered devise/menu/_login_items.erb (0.4ms)
Completed 200 OK in 17ms (Views: 16.6ms | ActiveRecord: 0.0ms)


Started GET "/users/sign_up" for 127.0.0.1 at 2018-11-15 23:43:40 +0300
Processing by Devise::RegistrationsController#new as HTML
  Rendering devise/registrations/new.html.erb within layouts/application
  Rendered devise/shared/_links.html.erb (1.6ms)
  Rendered devise/registrations/new.html.erb within layouts/application (6.0ms)
  Rendered devise/menu/_registration_items.erb (0.5ms)
  Rendered devise/menu/_login_items.erb (0.3ms)
Completed 200 OK in 32ms (Views: 31.1ms | ActiveRecord: 0.0ms)


Started POST "/users" for 127.0.0.1 at 2018-11-15 23:43:41 +0300
Processing by Devise::RegistrationsController#create as HTML
  Parameters: {"utf8"=>"✓", "authenticity_token"=>"y9h9uB3tOiEQYOY4egB1kj5QibSzK0CRFP81kjCotkyolIfD6vBa5mNBL9utbTz8zJmrhp9me0JbipPeEXspqw==", "user"=>{"email"=>"", "password"=>"[FILTERED]", "password_confirmation"=>"[FILTERED]"}, "commit"=>"Sign up"}
  [1m[35m (0.1ms)[0m  [1m[36mbegin transaction[0m
  ↳ /var/lib/gems/2.5.0/gems/activerecord-5.2.1/lib/active_record/log_subscriber.rb:98
  [1m[35m (0.0ms)[0m  [1m[31mrollback transaction[0m
  ↳ /var/lib/gems/2.5.0/gems/activerecord-5.2.1/lib/active_record/log_subscriber.rb:98
  Rendering devise/registrations/new.html.erb within layouts/application
  Rendered devise/shared/_links.html.erb (1.1ms)
  Rendered devise/registrations/new.html.erb within layouts/application (4.5ms)
  Rendered devise/menu/_registration_items.erb (0.5ms)
  Rendered devise/menu/_login_items.erb (0.3ms)
Completed 200 OK in 31ms (Views: 25.8ms | ActiveRecord: 0.1ms)


Started GET "/users/confirmation/new" for 127.0.0.1 at 2018-11-15 23:43:47 +0300
Processing by Devise::ConfirmationsController#new as HTML
  Rendering devise/confirmations/new.html.erb within layouts/application
  Rendered devise/shared/_links.html.erb (1.8ms)
  Rendered devise/confirmations/new.html.erb within layouts/application (5.3ms)
  Rendered devise/menu/_registration_items.erb (0.6ms)
  Rendered devise/menu/_login_items.erb (0.3ms)
Completed 200 OK in 33ms (Views: 31.5ms | ActiveRecord: 0.0ms)


Started GET "/users/sign_in" for 127.0.0.1 at 2018-11-15 23:43:48 +0300
Processing by Devise::SessionsController#new as HTML
  Rendering devise/sessions/new.html.erb within layouts/application
  Rendered devise/shared/_links.html.erb (1.9ms)
  Rendered devise/sessions/new.html.erb within layouts/application (6.1ms)
  Rendered devise/menu/_registration_items.erb (0.7ms)
  Rendered devise/menu/_login_items.erb (0.3ms)
Completed 200 OK in 44ms (Views: 42.8ms | ActiveRecord: 0.0ms)


Started POST "/users/sign_in" for 127.0.0.1 at 2018-11-15 23:43:49 +0300
Processing by Devise::SessionsController#create as HTML
  Parameters: {"utf8"=>"✓", "authenticity_token"=>"U428SLSVayTfa8AHmANCuylUjshCJyJnNeuzBAXI7i4hq91jiReIKdJi3bZqw6Cu5P8tbXSrJ1IP5U3TvJK9cw==", "user"=>{"email"=>"", "password"=>"[FILTERED]", "remember_me"=>"0"}, "commit"=>"Log in"}
Completed 401 Unauthorized in 2ms (ActiveRecord: 0.0ms)


Processing by Devise::SessionsController#new as HTML
  Parameters: {"utf8"=>"✓", "authenticity_token"=>"U428SLSVayTfa8AHmANCuylUjshCJyJnNeuzBAXI7i4hq91jiReIKdJi3bZqw6Cu5P8tbXSrJ1IP5U3TvJK9cw==", "user"=>{"email"=>"", "password"=>"[FILTERED]", "remember_me"=>"0"}, "commit"=>"Log in"}
  Rendering devise/sessions/new.html.erb within layouts/application
  Rendered devise/shared/_links.html.erb (1.1ms)
  Rendered devise/sessions/new.html.erb within layouts/application (3.9ms)
  Rendered devise/menu/_registration_items.erb (0.5ms)
  Rendered devise/menu/_login_items.erb (0.4ms)
Completed 200 OK in 26ms (Views: 24.4ms | ActiveRecord: 0.0ms)


  [1m[36mUser Load (0.6ms)[0m  [1m[34mSELECT  "users".* FROM "users" LIMIT ?[0m  [["LIMIT", 11]]
Started GET "/users/sign_in" for 127.0.0.1 at 2018-11-15 23:45:18 +0300
Processing by Devise::SessionsController#new as HTML
  Rendering devise/sessions/new.html.erb within layouts/application
  Rendered devise/shared/_links.html.erb (1.3ms)
  Rendered devise/sessions/new.html.erb within layouts/application (4.5ms)
  Rendered devise/menu/_registration_items.erb (0.7ms)
  Rendered devise/menu/_login_items.erb (0.3ms)
Completed 200 OK in 28ms (Views: 26.4ms | ActiveRecord: 0.0ms)


Started POST "/users/sign_in" for 127.0.0.1 at 2018-11-15 23:45:22 +0300
Processing by Devise::SessionsController#create as HTML
  Parameters: {"utf8"=>"✓", "authenticity_token"=>"pndPAuqDRsGYgxI+dyYinYGUUSLKKWvykBmyvo70rV3UUS4p1wGlzJWKD4+F5sCITD/yh/ylbseqF0xpN67+AA==", "user"=>{"email"=>"mythbusterpeter@gmail.com", "password"=>"[FILTERED]", "remember_me"=>"0"}, "commit"=>"Log in"}
  [1m[36mUser Load (0.4ms)[0m  [1m[34mSELECT  "users".* FROM "users" WHERE "users"."email" = ? ORDER BY "users"."id" ASC LIMIT ?[0m  [["email", "mythbusterpeter@gmail.com"], ["LIMIT", 1]]
  ↳ /var/lib/gems/2.5.0/gems/activerecord-5.2.1/lib/active_record/log_subscriber.rb:98
Redirected to http://localhost:3000/
Completed 302 Found in 128ms (ActiveRecord: 0.4ms)


Started GET "/" for 127.0.0.1 at 2018-11-15 23:45:22 +0300
Processing by HomeController#index as HTML
  Rendering home/index.html.erb within layouts/application
  Rendered home/index.html.erb within layouts/application (0.3ms)
  [1m[36mUser Load (0.2ms)[0m  [1m[34mSELECT  "users".* FROM "users" WHERE "users"."id" = ? ORDER BY "users"."id" ASC LIMIT ?[0m  [["id", 1], ["LIMIT", 1]]
  ↳ app/views/devise/menu/_registration_items.erb:1
  Rendered devise/menu/_registration_items.erb (1.5ms)
  Rendered devise/menu/_login_items.erb (0.3ms)
Completed 200 OK in 35ms (Views: 33.6ms | ActiveRecord: 0.2ms)


Started DELETE "/users/sign_out" for 127.0.0.1 at 2018-11-15 23:45:25 +0300
Processing by Devise::SessionsController#destroy as HTML
  Parameters: {"authenticity_token"=>"YzahKgIMf21Uld3P8Mq9CNxGantjTIkaQXM9CKO15l+pg9MNZ2tm0w60TLoE4JhCjDoWOQ++6dy1FN7Gxyu8ug=="}
  [1m[36mUser Load (0.2ms)[0m  [1m[34mSELECT  "users".* FROM "users" WHERE "users"."id" = ? ORDER BY "users"."id" ASC LIMIT ?[0m  [["id", 1], ["LIMIT", 1]]
  ↳ /var/lib/gems/2.5.0/gems/activerecord-5.2.1/lib/active_record/log_subscriber.rb:98
  [1m[35m (0.0ms)[0m  [1m[36mbegin transaction[0m
  ↳ /var/lib/gems/2.5.0/gems/activerecord-5.2.1/lib/active_record/log_subscriber.rb:98
  [1m[35m (0.0ms)[0m  [1m[36mcommit transaction[0m
  ↳ /var/lib/gems/2.5.0/gems/activerecord-5.2.1/lib/active_record/log_subscriber.rb:98
Redirected to http://localhost:3000/
Completed 302 Found in 3ms (ActiveRecord: 0.2ms)


Started GET "/" for 127.0.0.1 at 2018-11-15 23:45:25 +0300
Processing by HomeController#index as HTML
  Rendering home/index.html.erb within layouts/application
  Rendered home/index.html.erb within layouts/application (0.3ms)
  Rendered devise/menu/_registration_items.erb (0.7ms)
  Rendered devise/menu/_login_items.erb (0.3ms)
Completed 200 OK in 19ms (Views: 18.2ms | ActiveRecord: 0.0ms)


Started GET "/users/sign_up" for 127.0.0.1 at 2018-11-15 23:45:27 +0300
Processing by Devise::RegistrationsController#new as HTML
  Rendering devise/registrations/new.html.erb within layouts/application
  Rendered devise/shared/_links.html.erb (0.6ms)
  Rendered devise/registrations/new.html.erb within layouts/application (2.8ms)
  Rendered devise/menu/_registration_items.erb (0.5ms)
  Rendered devise/menu/_login_items.erb (0.3ms)
Completed 200 OK in 21ms (Views: 20.3ms | ActiveRecord: 0.0ms)


Started GET "/users/sign_in" for 127.0.0.1 at 2018-11-15 23:45:29 +0300
Processing by Devise::SessionsController#new as HTML
  Rendering devise/sessions/new.html.erb within layouts/application
  Rendered devise/shared/_links.html.erb (1.2ms)
  Rendered devise/sessions/new.html.erb within layouts/application (3.8ms)
  Rendered devise/menu/_registration_items.erb (0.6ms)
  Rendered devise/menu/_login_items.erb (0.3ms)
Completed 200 OK in 20ms (Views: 19.5ms | ActiveRecord: 0.0ms)


Started GET "/users/password/new" for 127.0.0.1 at 2018-11-15 23:45:31 +0300
Processing by Devise::PasswordsController#new as HTML
  Rendering devise/passwords/new.html.erb within layouts/application
  Rendered devise/shared/_links.html.erb (0.8ms)
  Rendered devise/passwords/new.html.erb within layouts/application (2.3ms)
  Rendered devise/menu/_registration_items.erb (0.4ms)
  Rendered devise/menu/_login_items.erb (0.3ms)
Completed 200 OK in 20ms (Views: 18.4ms | ActiveRecord: 0.0ms)


Started POST "/users/password" for 127.0.0.1 at 2018-11-15 23:45:34 +0300
Processing by Devise::PasswordsController#create as HTML
  Parameters: {"utf8"=>"✓", "authenticity_token"=>"EqRqc4KFXeufC0sdNUcpK3xjn1y3DKAw1zOxv+31CdLcjoHyrAoTF6P8HiEIK9l3TEP0PoW3Pad5zu5EEcTPbw==", "user"=>{"email"=>"mythbusterpeter@gmail.com"}, "commit"=>"Send me reset password instructions"}
  [1m[36mUser Load (0.4ms)[0m  [1m[34mSELECT  "users".* FROM "users" WHERE "users"."email" = ? ORDER BY "users"."id" ASC LIMIT ?[0m  [["email", "mythbusterpeter@gmail.com"], ["LIMIT", 1]]
  ↳ /var/lib/gems/2.5.0/gems/activerecord-5.2.1/lib/active_record/log_subscriber.rb:98
  [1m[36mUser Load (0.2ms)[0m  [1m[34mSELECT  "users".* FROM "users" WHERE "users"."reset_password_token" = ? ORDER BY "users"."id" ASC LIMIT ?[0m  [["reset_password_token", "2ae61b81dab723e08aa8f7455d4b5d81295e46515c7918daf1773b9c729108ac"], ["LIMIT", 1]]
  ↳ /var/lib/gems/2.5.0/gems/activerecord-5.2.1/lib/active_record/log_subscriber.rb:98
  [1m[35m (0.0ms)[0m  [1m[36mbegin transaction[0m
  ↳ /var/lib/gems/2.5.0/gems/activerecord-5.2.1/lib/active_record/log_subscriber.rb:98
  [1m[36mUser Update (0.2ms)[0m  [1m[33mUPDATE "users" SET "reset_password_token" = ?, "reset_password_sent_at" = ? WHERE "users"."id" = ?[0m  [["reset_password_token", "2ae61b81dab723e08aa8f7455d4b5d81295e46515c7918daf1773b9c729108ac"], ["reset_password_sent_at", "2018-11-15 20:45:34.601815"], ["id", 1]]
  ↳ /var/lib/gems/2.5.0/gems/activerecord-5.2.1/lib/active_record/log_subscriber.rb:98
  [1m[35m (61.9ms)[0m  [1m[36mcommit transaction[0m
  ↳ /var/lib/gems/2.5.0/gems/activerecord-5.2.1/lib/active_record/log_subscriber.rb:98
  Rendering devise/mailer/reset_password_instructions.html.erb
  Rendered devise/mailer/reset_password_instructions.html.erb (1.2ms)
Devise::Mailer#reset_password_instructions: processed outbound mail in 14.7ms
Sent mail to mythbusterpeter@gmail.com (1227.9ms)
Date: Thu, 15 Nov 2018 23:45:34 +0300
From: please-change-me-at-config-initializers-devise@example.com
Reply-To: please-change-me-at-config-initializers-devise@example.com
To: mythbusterpeter@gmail.com
Message-ID: <5beddaeea7017_11752b17b0323adc58593@petyan-desktop.mail>
Subject: Reset password instructions
Mime-Version: 1.0
Content-Type: text/html;
 charset=UTF-8
Content-Transfer-Encoding: 7bit

<p>Hello mythbusterpeter@gmail.com!</p>

<p>Someone has requested a link to change your password. You can do this through the link below.</p>

<p><a href="http://localhost:3000/users/password/edit?reset_password_token=5DqNcLbjCyRKLkPKdNDn">Change my password</a></p>

<p>If you didn't request this, please ignore this email.</p>
<p>Your password won't change until you access the link above and create a new one.</p>

Redirected to http://localhost:3000/users/sign_in
Completed 302 Found in 1441ms (ActiveRecord: 62.7ms)


Started GET "/users/sign_in" for 127.0.0.1 at 2018-11-15 23:45:35 +0300
Processing by Devise::SessionsController#new as HTML
  Rendering devise/sessions/new.html.erb within layouts/application
  Rendered devise/shared/_links.html.erb (0.9ms)
  Rendered devise/sessions/new.html.erb within layouts/application (3.2ms)
  Rendered devise/menu/_registration_items.erb (0.5ms)
  Rendered devise/menu/_login_items.erb (0.3ms)
Completed 200 OK in 22ms (Views: 20.7ms | ActiveRecord: 0.0ms)


Started GET "/users/password/edit?reset_password_token=[FILTERED]" for 127.0.0.1 at 2018-11-15 23:45:46 +0300
Processing by Devise::PasswordsController#edit as HTML
  Parameters: {"reset_password_token"=>"[FILTERED]"}
  Rendering devise/passwords/edit.html.erb within layouts/application
  Rendered devise/shared/_links.html.erb (1.4ms)
  Rendered devise/passwords/edit.html.erb within layouts/application (7.0ms)
  Rendered devise/menu/_registration_items.erb (0.5ms)
  Rendered devise/menu/_login_items.erb (0.3ms)
Completed 200 OK in 29ms (Views: 27.6ms | ActiveRecord: 0.0ms)


Started PUT "/users/password" for 127.0.0.1 at 2018-11-15 23:45:53 +0300
Processing by Devise::PasswordsController#update as HTML
  Parameters: {"utf8"=>"✓", "authenticity_token"=>"WxySlUh+nIBnp6tgYjAjqs3/xEscRsigFW15UWJfBCv2ye6zpv1wEtN08wfoJmNtE79SgSJ9bTaVV9Ukzy7eTw==", "user"=>{"reset_password_token"=>"[FILTERED]", "password"=>"[FILTERED]", "password_confirmation"=>"[FILTERED]"}, "commit"=>"Change my password"}
  [1m[36mUser Load (0.3ms)[0m  [1m[34mSELECT  "users".* FROM "users" WHERE "users"."reset_password_token" = ? ORDER BY "users"."id" ASC LIMIT ?[0m  [["reset_password_token", "2ae61b81dab723e08aa8f7455d4b5d81295e46515c7918daf1773b9c729108ac"], ["LIMIT", 1]]
  ↳ /var/lib/gems/2.5.0/gems/activerecord-5.2.1/lib/active_record/log_subscriber.rb:98
  [1m[35m (0.1ms)[0m  [1m[36mbegin transaction[0m
  ↳ /var/lib/gems/2.5.0/gems/activerecord-5.2.1/lib/active_record/log_subscriber.rb:98
  [1m[36mUser Update (0.5ms)[0m  [1m[33mUPDATE "users" SET "reset_password_sent_at" = ?, "encrypted_password" = ?, "reset_password_token" = ? WHERE "users"."id" = ?[0m  [["reset_password_sent_at", nil], ["encrypted_password", "$2a$11$0DEfk3.uQOFrMVKtpaXfMO9VEULz1fkWGQRCybyVUkgn3jsc.PpbS"], ["reset_password_token", nil], ["id", 1]]
  ↳ /var/lib/gems/2.5.0/gems/activerecord-5.2.1/lib/active_record/log_subscriber.rb:98
  [1m[35m (107.8ms)[0m  [1m[36mcommit transaction[0m
  ↳ /var/lib/gems/2.5.0/gems/activerecord-5.2.1/lib/active_record/log_subscriber.rb:98
Redirected to http://localhost:3000/
Completed 302 Found in 239ms (ActiveRecord: 108.7ms)


Started GET "/" for 127.0.0.1 at 2018-11-15 23:45:53 +0300
Processing by HomeController#index as HTML
  Rendering home/index.html.erb within layouts/application
  Rendered home/index.html.erb within layouts/application (0.3ms)
  [1m[36mUser Load (0.1ms)[0m  [1m[34mSELECT  "users".* FROM "users" WHERE "users"."id" = ? ORDER BY "users"."id" ASC LIMIT ?[0m  [["id", 1], ["LIMIT", 1]]
  ↳ app/views/devise/menu/_registration_items.erb:1
  Rendered devise/menu/_registration_items.erb (1.3ms)
  Rendered devise/menu/_login_items.erb (0.3ms)
Completed 200 OK in 25ms (Views: 23.2ms | ActiveRecord: 0.1ms)


Started GET "/users/sign_in" for 127.0.0.1 at 2018-11-15 23:46:00 +0300
Processing by Devise::SessionsController#new as HTML
  [1m[36mUser Load (0.3ms)[0m  [1m[34mSELECT  "users".* FROM "users" WHERE "users"."id" = ? ORDER BY "users"."id" ASC LIMIT ?[0m  [["id", 1], ["LIMIT", 1]]
  ↳ /var/lib/gems/2.5.0/gems/activerecord-5.2.1/lib/active_record/log_subscriber.rb:98
Redirected to http://localhost:3000/
Filter chain halted as :require_no_authentication rendered or redirected
Completed 302 Found in 3ms (ActiveRecord: 0.3ms)


Started GET "/" for 127.0.0.1 at 2018-11-15 23:46:00 +0300
Processing by HomeController#index as HTML
  Rendering home/index.html.erb within layouts/application
  Rendered home/index.html.erb within layouts/application (0.3ms)
  [1m[36mUser Load (0.2ms)[0m  [1m[34mSELECT  "users".* FROM "users" WHERE "users"."id" = ? ORDER BY "users"."id" ASC LIMIT ?[0m  [["id", 1], ["LIMIT", 1]]
  ↳ app/views/devise/menu/_registration_items.erb:1
  Rendered devise/menu/_registration_items.erb (1.5ms)
  Rendered devise/menu/_login_items.erb (0.3ms)
Completed 200 OK in 20ms (Views: 19.2ms | ActiveRecord: 0.2ms)


Started GET "/" for 127.0.0.1 at 2018-11-16 10:26:06 +0300
  [1m[35m (0.1ms)[0m  [1m[34mSELECT "schema_migrations"."version" FROM "schema_migrations" ORDER BY "schema_migrations"."version" ASC[0m
  ↳ /var/lib/gems/2.5.0/gems/activerecord-5.2.1/lib/active_record/log_subscriber.rb:98
Processing by HomeController#index as HTML
  Rendering home/index.html.erb within layouts/application
  Rendered home/index.html.erb within layouts/application (20.6ms)
  Rendered devise/menu/_registration_items.erb (5.2ms)
  Rendered devise/menu/_login_items.erb (0.6ms)
Completed 200 OK in 296ms (Views: 276.8ms | ActiveRecord: 0.0ms)


Started GET "/users/sign_up" for 127.0.0.1 at 2018-11-16 10:26:10 +0300
Processing by Devise::RegistrationsController#new as HTML
  Rendering devise/registrations/new.html.erb within layouts/application
  Rendered devise/shared/_links.html.erb (0.7ms)
  Rendered devise/registrations/new.html.erb within layouts/application (7.4ms)
  Rendered devise/menu/_registration_items.erb (0.5ms)
  Rendered devise/menu/_login_items.erb (0.4ms)
Completed 200 OK in 35ms (Views: 22.0ms | ActiveRecord: 1.1ms)


Started GET "/users/sign_in" for 127.0.0.1 at 2018-11-16 10:26:12 +0300
Processing by Devise::SessionsController#new as HTML
  Rendering devise/sessions/new.html.erb within layouts/application
  Rendered devise/shared/_links.html.erb (0.8ms)
  Rendered devise/sessions/new.html.erb within layouts/application (3.5ms)
  Rendered devise/menu/_registration_items.erb (0.5ms)
  Rendered devise/menu/_login_items.erb (0.3ms)
Completed 200 OK in 20ms (Views: 18.1ms | ActiveRecord: 0.0ms)


Started GET "/users/sign_up" for 127.0.0.1 at 2018-11-16 10:26:13 +0300
Processing by Devise::RegistrationsController#new as HTML
  Rendering devise/registrations/new.html.erb within layouts/application
  Rendered devise/shared/_links.html.erb (1.2ms)
  Rendered devise/registrations/new.html.erb within layouts/application (4.4ms)
  Rendered devise/menu/_registration_items.erb (0.4ms)
  Rendered devise/menu/_login_items.erb (0.3ms)
Completed 200 OK in 22ms (Views: 20.9ms | ActiveRecord: 0.0ms)


Started GET "/users/sign_in" for 127.0.0.1 at 2018-11-16 10:26:15 +0300
Processing by Devise::SessionsController#new as HTML
  Rendering devise/sessions/new.html.erb within layouts/application
  Rendered devise/shared/_links.html.erb (0.9ms)
  Rendered devise/sessions/new.html.erb within layouts/application (3.7ms)
  Rendered devise/menu/_registration_items.erb (0.4ms)
  Rendered devise/menu/_login_items.erb (0.3ms)
Completed 200 OK in 22ms (Views: 20.8ms | ActiveRecord: 0.0ms)


Started POST "/users/sign_in" for 127.0.0.1 at 2018-11-16 10:26:21 +0300
Processing by Devise::SessionsController#create as HTML
  Parameters: {"utf8"=>"✓", "authenticity_token"=>"kWv59czbhppfbIcCqey19tAZq6oXjDraigDi9jir37juhgnA4QbVEVDtU1rLtqDxrQ0mFsnL+nD4BJFXjVjmxg==", "user"=>{"email"=>"mythbusterpeter@gmail.com", "password"=>"[FILTERED]", "remember_me"=>"0"}, "commit"=>"Log in"}
  [1m[36mUser Load (0.3ms)[0m  [1m[34mSELECT  "users".* FROM "users" WHERE "users"."email" = ? ORDER BY "users"."id" ASC LIMIT ?[0m  [["email", "mythbusterpeter@gmail.com"], ["LIMIT", 1]]
  ↳ /var/lib/gems/2.5.0/gems/activerecord-5.2.1/lib/active_record/log_subscriber.rb:98
Redirected to http://localhost:3000/
Completed 302 Found in 216ms (ActiveRecord: 0.3ms)


Started GET "/" for 127.0.0.1 at 2018-11-16 10:26:21 +0300
Processing by HomeController#index as HTML
  Rendering home/index.html.erb within layouts/application
  Rendered home/index.html.erb within layouts/application (0.2ms)
  [1m[36mUser Load (0.2ms)[0m  [1m[34mSELECT  "users".* FROM "users" WHERE "users"."id" = ? ORDER BY "users"."id" ASC LIMIT ?[0m  [["id", 1], ["LIMIT", 1]]
  ↳ app/views/devise/menu/_registration_items.erb:1
  Rendered devise/menu/_registration_items.erb (1.4ms)
  Rendered devise/menu/_login_items.erb (0.4ms)
Completed 200 OK in 16ms (Views: 15.2ms | ActiveRecord: 0.2ms)


Started GET "/users/edit" for 127.0.0.1 at 2018-11-16 10:26:26 +0300
Processing by Devise::RegistrationsController#edit as HTML
  [1m[36mUser Load (0.3ms)[0m  [1m[34mSELECT  "users".* FROM "users" WHERE "users"."id" = ? ORDER BY "users"."id" ASC LIMIT ?[0m  [["id", 1], ["LIMIT", 1]]
  ↳ /var/lib/gems/2.5.0/gems/activerecord-5.2.1/lib/active_record/log_subscriber.rb:98
  Rendering devise/registrations/edit.html.erb within layouts/application
  Rendered devise/registrations/edit.html.erb within layouts/application (2.6ms)
  Rendered devise/menu/_registration_items.erb (0.5ms)
  Rendered devise/menu/_login_items.erb (0.3ms)
Completed 200 OK in 36ms (Views: 33.8ms | ActiveRecord: 0.3ms)


Started DELETE "/users/sign_out" for 127.0.0.1 at 2018-11-16 10:26:30 +0300
Processing by Devise::SessionsController#destroy as HTML
  Parameters: {"authenticity_token"=>"tQtyJ3QC0Qr/eKHrdZZXtc9B8BkGIhnSAuVBsCh5lQESGxQngYk/175MsGaRYrYdlf4iSnBfCml7AkhLRROL7w=="}
  [1m[36mUser Load (0.3ms)[0m  [1m[34mSELECT  "users".* FROM "users" WHERE "users"."id" = ? ORDER BY "users"."id" ASC LIMIT ?[0m  [["id", 1], ["LIMIT", 1]]
  ↳ /var/lib/gems/2.5.0/gems/activerecord-5.2.1/lib/active_record/log_subscriber.rb:98
  [1m[35m (0.1ms)[0m  [1m[36mbegin transaction[0m
  ↳ /var/lib/gems/2.5.0/gems/activerecord-5.2.1/lib/active_record/log_subscriber.rb:98
  [1m[35m (0.1ms)[0m  [1m[36mcommit transaction[0m
  ↳ /var/lib/gems/2.5.0/gems/activerecord-5.2.1/lib/active_record/log_subscriber.rb:98
Redirected to http://localhost:3000/
Completed 302 Found in 7ms (ActiveRecord: 0.4ms)


Started GET "/" for 127.0.0.1 at 2018-11-16 10:26:30 +0300
Processing by HomeController#index as HTML
  Rendering home/index.html.erb within layouts/application
  Rendered home/index.html.erb within layouts/application (0.3ms)
  Rendered devise/menu/_registration_items.erb (0.5ms)
  Rendered devise/menu/_login_items.erb (0.3ms)
Completed 200 OK in 24ms (Views: 23.6ms | ActiveRecord: 0.0ms)


  [1m[35m (0.1ms)[0m  [1m[34mSELECT "schema_migrations"."version" FROM "schema_migrations" ORDER BY "schema_migrations"."version" ASC[0m
  ↳ /usr/lib/ruby/vendor_ruby/rake/task.rb:271
Migrating to CreateConspects (20181116073030)
  [1m[35m (0.0ms)[0m  [1m[36mbegin transaction[0m
  ↳ /usr/lib/ruby/vendor_ruby/rake/task.rb:271
  [1m[35m (0.1ms)[0m  [1m[34mSELECT sqlite_version(*)[0m
  ↳ db/migrate/20181116073030_create_conspects.rb:3
  [1m[35m (0.2ms)[0m  [1m[35mCREATE TABLE "conspects" ("id" integer PRIMARY KEY AUTOINCREMENT NOT NULL, "title" varchar, "description" varchar, "speciality_number" integer, "content" text, "user_id" integer, "created_at" datetime NOT NULL, "updated_at" datetime NOT NULL)[0m
  ↳ db/migrate/20181116073030_create_conspects.rb:3
  [1m[35m (0.1ms)[0m  [1m[35mCREATE  INDEX "index_conspects_on_user_id" ON "conspects" ("user_id")[0m
  ↳ db/migrate/20181116073030_create_conspects.rb:3
  [1m[36mActiveRecord::SchemaMigration Create (0.2ms)[0m  [1m[32mINSERT INTO "schema_migrations" ("version") VALUES (?)[0m  [["version", "20181116073030"]]
  ↳ /usr/lib/ruby/vendor_ruby/rake/task.rb:271
  [1m[35m (99.1ms)[0m  [1m[36mcommit transaction[0m
  ↳ /usr/lib/ruby/vendor_ruby/rake/task.rb:271
  [1m[36mActiveRecord::InternalMetadata Load (0.2ms)[0m  [1m[34mSELECT  "ar_internal_metadata".* FROM "ar_internal_metadata" WHERE "ar_internal_metadata"."key" = ? LIMIT ?[0m  [["key", "environment"], ["LIMIT", 1]]
  ↳ /usr/lib/ruby/vendor_ruby/rake/task.rb:271
  [1m[35m (0.1ms)[0m  [1m[36mbegin transaction[0m
  ↳ /usr/lib/ruby/vendor_ruby/rake/task.rb:271
  [1m[35m (0.0ms)[0m  [1m[36mcommit transaction[0m
  ↳ /usr/lib/ruby/vendor_ruby/rake/task.rb:271
  [1m[35m (0.1ms)[0m  [1m[34mSELECT "schema_migrations"."version" FROM "schema_migrations" ORDER BY "schema_migrations"."version" ASC[0m
  ↳ /usr/lib/ruby/vendor_ruby/rake/task.rb:271
  [1m[35m (0.2ms)[0m  [1m[36mbegin transaction[0m
  [1m[36mUser Load (0.2ms)[0m  [1m[34mSELECT  "users".* FROM "users" WHERE "users"."id" = ? LIMIT ?[0m  [["id", 1], ["LIMIT", 1]]
  [1m[36mConspect Create (0.2ms)[0m  [1m[32mINSERT INTO "conspects" ("user_id", "created_at", "updated_at") VALUES (?, ?, ?)[0m  [["user_id", 1], ["created_at", "2018-11-16 07:49:32.987173"], ["updated_at", "2018-11-16 07:49:32.987173"]]
  [1m[35m (81.4ms)[0m  [1m[36mcommit transaction[0m
  [1m[35m (0.1ms)[0m  [1m[36mbegin transaction[0m
  [1m[35m (0.1ms)[0m  [1m[31mrollback transaction[0m
  [1m[35m (0.1ms)[0m  [1m[36mbegin transaction[0m
  [1m[36mUser Exists (0.2ms)[0m  [1m[34mSELECT  1 AS one FROM "users" WHERE "users"."email" = ? LIMIT ?[0m  [["email", "example@mail.ru"], ["LIMIT", 1]]
  [1m[35m (0.1ms)[0m  [1m[31mrollback transaction[0m
  [1m[36mUser Load (0.3ms)[0m  [1m[34mSELECT  "users".* FROM "users" LIMIT ?[0m  [["LIMIT", 11]]
  [1m[36mUser Load (0.2ms)[0m  [1m[34mSELECT  "users".* FROM "users" WHERE "users"."id" = ? LIMIT ?[0m  [["id", 1], ["LIMIT", 1]]
  [1m[36mConspect Load (0.3ms)[0m  [1m[34mSELECT  "conspects".* FROM "conspects" WHERE "conspects"."user_id" = ? LIMIT ?[0m  [["user_id", 1], ["LIMIT", 11]]
Started GET "/" for 127.0.0.1 at 2018-11-16 10:53:18 +0300
  [1m[35m (0.1ms)[0m  [1m[34mSELECT "schema_migrations"."version" FROM "schema_migrations" ORDER BY "schema_migrations"."version" ASC[0m
  ↳ /var/lib/gems/2.5.0/gems/activerecord-5.2.1/lib/active_record/log_subscriber.rb:98
Processing by HomeController#index as HTML
  Rendering home/index.html.erb within layouts/application
  Rendered home/index.html.erb within layouts/application (0.2ms)
  Rendered devise/menu/_registration_items.erb (0.6ms)
  Rendered devise/menu/_login_items.erb (0.3ms)
  Rendered devise/menu/_conspects_items.erb (0.2ms)
Completed 200 OK in 151ms (Views: 150.5ms | ActiveRecord: 0.0ms)


Started GET "/conspects" for 127.0.0.1 at 2018-11-16 10:53:19 +0300
Processing by ConspectsController#index as HTML
  Rendering conspects/index.html.erb within layouts/application
  [1m[36mConspect Load (0.1ms)[0m  [1m[34mSELECT "conspects".* FROM "conspects"[0m
  ↳ app/views/conspects/index.html.erb:18
  Rendered conspects/index.html.erb within layouts/application (8.4ms)
  Rendered devise/menu/_registration_items.erb (0.5ms)
  Rendered devise/menu/_login_items.erb (0.3ms)
  Rendered devise/menu/_conspects_items.erb (0.2ms)
Completed 200 OK in 30ms (Views: 25.0ms | ActiveRecord: 0.7ms)


Started DELETE "/conspects/1" for 127.0.0.1 at 2018-11-16 10:53:24 +0300
Processing by ConspectsController#destroy as HTML
  Parameters: {"authenticity_token"=>"HIo6h0zsMzImdV2AXC0Xoxlar+4vumnlOsX+uzJxZXR6uvmHIQ1JGzoXtg7kT2qP0CAK+U8462slZc+kHzrZRQ==", "id"=>"1"}
  [1m[36mConspect Load (0.2ms)[0m  [1m[34mSELECT  "conspects".* FROM "conspects" WHERE "conspects"."id" = ? LIMIT ?[0m  [["id", 1], ["LIMIT", 1]]
  ↳ app/controllers/conspects_controller.rb:67
  [1m[35m (0.1ms)[0m  [1m[36mbegin transaction[0m
  ↳ app/controllers/conspects_controller.rb:57
  [1m[36mConspect Destroy (0.8ms)[0m  [1m[31mDELETE FROM "conspects" WHERE "conspects"."id" = ?[0m  [["id", 1]]
  ↳ app/controllers/conspects_controller.rb:57
  [1m[35m (72.0ms)[0m  [1m[36mcommit transaction[0m
  ↳ app/controllers/conspects_controller.rb:57
Redirected to http://localhost:3000/conspects
Completed 302 Found in 78ms (ActiveRecord: 73.2ms)


Started GET "/conspects" for 127.0.0.1 at 2018-11-16 10:53:24 +0300
Processing by ConspectsController#index as HTML
  Rendering conspects/index.html.erb within layouts/application
  [1m[36mConspect Load (0.3ms)[0m  [1m[34mSELECT "conspects".* FROM "conspects"[0m
  ↳ app/views/conspects/index.html.erb:18
  Rendered conspects/index.html.erb within layouts/application (2.6ms)
  Rendered devise/menu/_registration_items.erb (0.6ms)
  Rendered devise/menu/_login_items.erb (0.3ms)
  Rendered devise/menu/_conspects_items.erb (0.2ms)
Completed 200 OK in 24ms (Views: 22.5ms | ActiveRecord: 0.3ms)


Started GET "/conspects/new" for 127.0.0.1 at 2018-11-16 10:53:26 +0300
Processing by ConspectsController#new as HTML
  Rendering conspects/new.html.erb within layouts/application
  Rendered conspects/_form.html.erb (7.3ms)
  Rendered conspects/new.html.erb within layouts/application (8.4ms)
  Rendered devise/menu/_registration_items.erb (0.5ms)
  Rendered devise/menu/_login_items.erb (0.3ms)
  Rendered devise/menu/_conspects_items.erb (0.2ms)
Completed 200 OK in 31ms (Views: 30.2ms | ActiveRecord: 0.0ms)


Started GET "/conspects" for 127.0.0.1 at 2018-11-16 10:53:31 +0300
Processing by ConspectsController#index as HTML
  Rendering conspects/index.html.erb within layouts/application
  [1m[36mConspect Load (0.2ms)[0m  [1m[34mSELECT "conspects".* FROM "conspects"[0m
  ↳ app/views/conspects/index.html.erb:18
  Rendered conspects/index.html.erb within layouts/application (1.8ms)
  Rendered devise/menu/_registration_items.erb (0.5ms)
  Rendered devise/menu/_login_items.erb (0.3ms)
  Rendered devise/menu/_conspects_items.erb (0.2ms)
Completed 200 OK in 22ms (Views: 20.0ms | ActiveRecord: 0.2ms)


Started GET "/conspects" for 127.0.0.1 at 2018-11-16 10:53:34 +0300
Processing by ConspectsController#index as HTML
  Rendering conspects/index.html.erb within layouts/application
  [1m[36mConspect Load (0.2ms)[0m  [1m[34mSELECT "conspects".* FROM "conspects"[0m
  ↳ app/views/conspects/index.html.erb:18
  Rendered conspects/index.html.erb within layouts/application (1.4ms)
  Rendered devise/menu/_registration_items.erb (0.5ms)
  Rendered devise/menu/_login_items.erb (0.3ms)
  Rendered devise/menu/_conspects_items.erb (0.2ms)
Completed 200 OK in 22ms (Views: 20.4ms | ActiveRecord: 0.2ms)


Started GET "/users/sign_up" for 127.0.0.1 at 2018-11-16 10:53:35 +0300
Processing by Devise::RegistrationsController#new as HTML
  Rendering devise/registrations/new.html.erb within layouts/application
  Rendered devise/shared/_links.html.erb (0.7ms)
  Rendered devise/registrations/new.html.erb within layouts/application (3.1ms)
  Rendered devise/menu/_registration_items.erb (0.5ms)
  Rendered devise/menu/_login_items.erb (0.3ms)
  Rendered devise/menu/_conspects_items.erb (0.2ms)
Completed 200 OK in 33ms (Views: 20.0ms | ActiveRecord: 0.9ms)


Started GET "/users/sign_in" for 127.0.0.1 at 2018-11-16 10:53:36 +0300
Processing by Devise::SessionsController#new as HTML
  Rendering devise/sessions/new.html.erb within layouts/application
  Rendered devise/shared/_links.html.erb (1.2ms)
  Rendered devise/sessions/new.html.erb within layouts/application (4.1ms)
  Rendered devise/menu/_registration_items.erb (0.5ms)
  Rendered devise/menu/_login_items.erb (0.4ms)
  Rendered devise/menu/_conspects_items.erb (0.2ms)
Completed 200 OK in 27ms (Views: 26.1ms | ActiveRecord: 0.0ms)


Started GET "/conspects" for 127.0.0.1 at 2018-11-16 10:53:36 +0300
Processing by ConspectsController#index as HTML
  Rendering conspects/index.html.erb within layouts/application
  [1m[36mConspect Load (0.2ms)[0m  [1m[34mSELECT "conspects".* FROM "conspects"[0m
  ↳ app/views/conspects/index.html.erb:18
  Rendered conspects/index.html.erb within layouts/application (2.3ms)
  Rendered devise/menu/_registration_items.erb (0.5ms)
  Rendered devise/menu/_login_items.erb (0.3ms)
  Rendered devise/menu/_conspects_items.erb (0.2ms)
Completed 200 OK in 25ms (Views: 23.0ms | ActiveRecord: 0.2ms)


Started GET "/" for 127.0.0.1 at 2018-11-16 10:54:04 +0300
Processing by ConspectsController#index as HTML
  Rendering conspects/index.html.erb within layouts/application
  [1m[36mConspect Load (0.1ms)[0m  [1m[34mSELECT "conspects".* FROM "conspects"[0m
  ↳ app/views/conspects/index.html.erb:18
  Rendered conspects/index.html.erb within layouts/application (1.8ms)
  Rendered devise/menu/_registration_items.erb (0.6ms)
  Rendered devise/menu/_login_items.erb (0.4ms)
  Rendered devise/menu/_conspects_items.erb (0.2ms)
Completed 200 OK in 26ms (Views: 23.8ms | ActiveRecord: 0.3ms)


Started GET "/users/sign_up" for 127.0.0.1 at 2018-11-16 10:54:06 +0300
Processing by Devise::RegistrationsController#new as HTML
  Rendering devise/registrations/new.html.erb within layouts/application
  Rendered devise/shared/_links.html.erb (1.2ms)
  Rendered devise/registrations/new.html.erb within layouts/application (3.7ms)
  Rendered devise/menu/_registration_items.erb (0.5ms)
  Rendered devise/menu/_login_items.erb (0.3ms)
  Rendered devise/menu/_conspects_items.erb (0.3ms)
Completed 200 OK in 36ms (Views: 20.6ms | ActiveRecord: 0.9ms)


Started GET "/users/sign_in" for 127.0.0.1 at 2018-11-16 10:54:07 +0300
Processing by Devise::SessionsController#new as HTML
  Rendering devise/sessions/new.html.erb within layouts/application
  Rendered devise/shared/_links.html.erb (1.0ms)
  Rendered devise/sessions/new.html.erb within layouts/application (3.6ms)
  Rendered devise/menu/_registration_items.erb (0.5ms)
  Rendered devise/menu/_login_items.erb (0.3ms)
  Rendered devise/menu/_conspects_items.erb (0.2ms)
Completed 200 OK in 24ms (Views: 22.2ms | ActiveRecord: 0.0ms)


Started GET "/conspects" for 127.0.0.1 at 2018-11-16 10:54:07 +0300
Processing by ConspectsController#index as HTML
  Rendering conspects/index.html.erb within layouts/application
  [1m[36mConspect Load (0.2ms)[0m  [1m[34mSELECT "conspects".* FROM "conspects"[0m
  ↳ app/views/conspects/index.html.erb:18
  Rendered conspects/index.html.erb within layouts/application (2.2ms)
  Rendered devise/menu/_registration_items.erb (0.6ms)
  Rendered devise/menu/_login_items.erb (0.4ms)
  Rendered devise/menu/_conspects_items.erb (0.3ms)
Completed 200 OK in 27ms (Views: 25.2ms | ActiveRecord: 0.2ms)


Started GET "/users/sign_in" for 127.0.0.1 at 2018-11-16 10:54:08 +0300
Processing by Devise::SessionsController#new as HTML
  Rendering devise/sessions/new.html.erb within layouts/application
  Rendered devise/shared/_links.html.erb (1.1ms)
  Rendered devise/sessions/new.html.erb within layouts/application (5.2ms)
  Rendered devise/menu/_registration_items.erb (0.6ms)
  Rendered devise/menu/_login_items.erb (0.4ms)
  Rendered devise/menu/_conspects_items.erb (0.3ms)
Completed 200 OK in 34ms (Views: 31.9ms | ActiveRecord: 0.0ms)


Started GET "/users/sign_up" for 127.0.0.1 at 2018-11-16 10:54:08 +0300
Processing by Devise::RegistrationsController#new as HTML
  Rendering devise/registrations/new.html.erb within layouts/application
  Rendered devise/shared/_links.html.erb (0.8ms)
  Rendered devise/registrations/new.html.erb within layouts/application (3.5ms)
  Rendered devise/menu/_registration_items.erb (0.6ms)
  Rendered devise/menu/_login_items.erb (0.4ms)
  Rendered devise/menu/_conspects_items.erb (0.2ms)
Completed 200 OK in 24ms (Views: 22.8ms | ActiveRecord: 0.0ms)


Started GET "/users/sign_up" for 127.0.0.1 at 2018-11-16 10:54:49 +0300
Processing by Devise::RegistrationsController#new as HTML
  Rendering devise/registrations/new.html.erb within layouts/application
  Rendered devise/shared/_links.html.erb (0.7ms)
  Rendered devise/registrations/new.html.erb within layouts/application (2.9ms)
  Rendered devise/menu/_registration_items.erb (0.5ms)
  Rendered devise/menu/_login_items.erb (0.3ms)
  Rendered devise/menu/_conspects_items.erb (0.2ms)
Completed 200 OK in 52ms (Views: 43.0ms | ActiveRecord: 0.5ms)


Started GET "/users/sign_up" for 127.0.0.1 at 2018-11-16 10:54:51 +0300
Processing by Devise::RegistrationsController#new as HTML
  Rendering devise/registrations/new.html.erb within layouts/application
  Rendered devise/shared/_links.html.erb (0.8ms)
  Rendered devise/registrations/new.html.erb within layouts/application (4.2ms)
  Rendered devise/menu/_registration_items.erb (0.5ms)
  Rendered devise/menu/_login_items.erb (0.3ms)
  Rendered devise/menu/_conspects_items.erb (0.2ms)
Completed 200 OK in 23ms (Views: 22.1ms | ActiveRecord: 0.0ms)


Started GET "/users/sign_in" for 127.0.0.1 at 2018-11-16 10:54:51 +0300
Processing by Devise::SessionsController#new as HTML
  Rendering devise/sessions/new.html.erb within layouts/application
  Rendered devise/shared/_links.html.erb (0.9ms)
  Rendered devise/sessions/new.html.erb within layouts/application (3.8ms)
  Rendered devise/menu/_registration_items.erb (0.5ms)
  Rendered devise/menu/_login_items.erb (0.3ms)
  Rendered devise/menu/_conspects_items.erb (0.2ms)
Completed 200 OK in 21ms (Views: 20.1ms | ActiveRecord: 0.0ms)


Started GET "/conspects" for 127.0.0.1 at 2018-11-16 10:54:52 +0300
Processing by ConspectsController#index as HTML
  Rendering conspects/index.html.erb within layouts/application
  [1m[36mConspect Load (0.1ms)[0m  [1m[34mSELECT "conspects".* FROM "conspects"[0m
  ↳ app/views/conspects/index.html.erb:18
  Rendered conspects/index.html.erb within layouts/application (2.0ms)
  Rendered devise/menu/_registration_items.erb (1.2ms)
  Rendered devise/menu/_login_items.erb (1.1ms)
  Rendered devise/menu/_conspects_items.erb (0.6ms)
Completed 200 OK in 27ms (Views: 23.5ms | ActiveRecord: 0.3ms)


Started GET "/" for 127.0.0.1 at 2018-11-16 10:54:54 +0300
Processing by ConspectsController#index as HTML
  Rendering conspects/index.html.erb within layouts/application
  [1m[36mConspect Load (0.1ms)[0m  [1m[34mSELECT "conspects".* FROM "conspects"[0m
  ↳ app/views/conspects/index.html.erb:18
  Rendered conspects/index.html.erb within layouts/application (1.3ms)
  Rendered devise/menu/_registration_items.erb (0.6ms)
  Rendered devise/menu/_login_items.erb (0.3ms)
  Rendered devise/menu/_conspects_items.erb (0.2ms)
Completed 200 OK in 20ms (Views: 18.5ms | ActiveRecord: 0.1ms)


Started GET "/" for 127.0.0.1 at 2018-11-16 11:09:42 +0300
  [1m[35m (0.1ms)[0m  [1m[34mSELECT "schema_migrations"."version" FROM "schema_migrations" ORDER BY "schema_migrations"."version" ASC[0m
  ↳ /var/lib/gems/2.5.0/gems/activerecord-5.2.1/lib/active_record/log_subscriber.rb:98
Processing by ConspectsController#index as HTML
  Rendering conspects/index.html.erb within layouts/application
  [1m[36mConspect Load (0.2ms)[0m  [1m[34mSELECT "conspects".* FROM "conspects"[0m
  ↳ app/views/conspects/index.html.erb:18
  Rendered conspects/index.html.erb within layouts/application (1.9ms)
  Rendered devise/menu/_registration_items.erb (2.5ms)
  Rendered devise/menu/_login_items.erb (0.3ms)
  Rendered devise/menu/_conspects_items.erb (0.2ms)
Completed 200 OK in 230ms (Views: 223.3ms | ActiveRecord: 0.3ms)


Started GET "/users/sign_up" for 127.0.0.1 at 2018-11-16 11:09:44 +0300
Processing by Devise::RegistrationsController#new as HTML
  Rendering devise/registrations/new.html.erb within layouts/application
  Rendered devise/shared/_links.html.erb (1.0ms)
  Rendered devise/registrations/new.html.erb within layouts/application (7.0ms)
  Rendered devise/menu/_registration_items.erb (0.5ms)
  Rendered devise/menu/_login_items.erb (0.3ms)
  Rendered devise/menu/_conspects_items.erb (0.3ms)
Completed 200 OK in 35ms (Views: 21.6ms | ActiveRecord: 0.9ms)


Started GET "/users/sign_in" for 127.0.0.1 at 2018-11-16 11:09:45 +0300
Processing by Devise::SessionsController#new as HTML
  Rendering devise/sessions/new.html.erb within layouts/application
  Rendered devise/shared/_links.html.erb (1.9ms)
  Rendered devise/sessions/new.html.erb within layouts/application (6.8ms)
  Rendered devise/menu/_registration_items.erb (0.5ms)
  Rendered devise/menu/_login_items.erb (0.3ms)
  Rendered devise/menu/_conspects_items.erb (0.3ms)
Completed 200 OK in 27ms (Views: 25.1ms | ActiveRecord: 0.0ms)


Started GET "/conspects" for 127.0.0.1 at 2018-11-16 11:09:45 +0300
Processing by ConspectsController#index as HTML
  Rendering conspects/index.html.erb within layouts/application
  [1m[36mConspect Load (0.2ms)[0m  [1m[34mSELECT "conspects".* FROM "conspects"[0m
  ↳ app/views/conspects/index.html.erb:18
  Rendered conspects/index.html.erb within layouts/application (1.9ms)
  Rendered devise/menu/_registration_items.erb (0.5ms)
  Rendered devise/menu/_login_items.erb (0.3ms)
  Rendered devise/menu/_conspects_items.erb (0.2ms)
Completed 200 OK in 23ms (Views: 21.7ms | ActiveRecord: 0.2ms)


Started GET "/users/sign_up" for 127.0.0.1 at 2018-11-16 11:09:46 +0300
Processing by Devise::RegistrationsController#new as HTML
  Rendering devise/registrations/new.html.erb within layouts/application
  Rendered devise/shared/_links.html.erb (1.4ms)
  Rendered devise/registrations/new.html.erb within layouts/application (5.3ms)
  Rendered devise/menu/_registration_items.erb (0.5ms)
  Rendered devise/menu/_login_items.erb (0.3ms)
  Rendered devise/menu/_conspects_items.erb (0.2ms)
Completed 200 OK in 26ms (Views: 24.7ms | ActiveRecord: 0.0ms)


Started GET "/" for 127.0.0.1 at 2018-11-16 11:09:48 +0300
Processing by ConspectsController#index as HTML
  Rendering conspects/index.html.erb within layouts/application
  [1m[36mConspect Load (0.3ms)[0m  [1m[34mSELECT "conspects".* FROM "conspects"[0m
  ↳ app/views/conspects/index.html.erb:18
  Rendered conspects/index.html.erb within layouts/application (2.9ms)
  Rendered devise/menu/_registration_items.erb (0.6ms)
  Rendered devise/menu/_login_items.erb (0.3ms)
  Rendered devise/menu/_conspects_items.erb (0.2ms)
Completed 200 OK in 24ms (Views: 22.5ms | ActiveRecord: 0.3ms)


Started GET "/" for 127.0.0.1 at 2018-11-16 20:40:51 +0300
Processing by ConspectsController#index as HTML
  Rendering conspects/index.html.erb within layouts/application
  [1m[36mConspect Load (0.2ms)[0m  [1m[34mSELECT "conspects".* FROM "conspects"[0m
  ↳ app/views/conspects/index.html.erb:18
  Rendered conspects/index.html.erb within layouts/application (1.9ms)
  Rendered devise/menu/_registration_items.erb (0.6ms)
  Rendered devise/menu/_login_items.erb (0.3ms)
  Rendered devise/menu/_conspects_items.erb (0.2ms)
Completed 200 OK in 19ms (Views: 17.2ms | ActiveRecord: 0.2ms)


Started GET "/users/sign_up" for 127.0.0.1 at 2018-11-16 20:40:53 +0300
Processing by Devise::RegistrationsController#new as HTML
  Rendering devise/registrations/new.html.erb within layouts/application
  Rendered devise/shared/_links.html.erb (1.3ms)
  Rendered devise/registrations/new.html.erb within layouts/application (5.1ms)
  Rendered devise/menu/_registration_items.erb (0.5ms)
  Rendered devise/menu/_login_items.erb (0.3ms)
  Rendered devise/menu/_conspects_items.erb (0.2ms)
Completed 200 OK in 27ms (Views: 26.0ms | ActiveRecord: 0.0ms)


Started GET "/users/sign_in" for 127.0.0.1 at 2018-11-16 20:40:53 +0300
Processing by Devise::SessionsController#new as HTML
  Rendering devise/sessions/new.html.erb within layouts/application
  Rendered devise/shared/_links.html.erb (1.7ms)
  Rendered devise/sessions/new.html.erb within layouts/application (6.3ms)
  Rendered devise/menu/_registration_items.erb (0.5ms)
  Rendered devise/menu/_login_items.erb (0.4ms)
  Rendered devise/menu/_conspects_items.erb (0.2ms)
Completed 200 OK in 28ms (Views: 26.6ms | ActiveRecord: 0.0ms)


Started GET "/conspects" for 127.0.0.1 at 2018-11-16 20:40:54 +0300
Processing by ConspectsController#index as HTML
  Rendering conspects/index.html.erb within layouts/application
  [1m[36mConspect Load (0.1ms)[0m  [1m[34mSELECT "conspects".* FROM "conspects"[0m
  ↳ app/views/conspects/index.html.erb:18
  Rendered conspects/index.html.erb within layouts/application (1.2ms)
  Rendered devise/menu/_registration_items.erb (0.9ms)
  Rendered devise/menu/_login_items.erb (0.7ms)
  Rendered devise/menu/_conspects_items.erb (0.4ms)
Completed 200 OK in 28ms (Views: 27.3ms | ActiveRecord: 0.1ms)


Started GET "/conspects/new" for 127.0.0.1 at 2018-11-16 20:41:03 +0300
Processing by ConspectsController#new as HTML
  Rendering conspects/new.html.erb within layouts/application
  Rendered conspects/_form.html.erb (10.4ms)
  Rendered conspects/new.html.erb within layouts/application (11.2ms)
  Rendered devise/menu/_registration_items.erb (0.6ms)
  Rendered devise/menu/_login_items.erb (0.3ms)
  Rendered devise/menu/_conspects_items.erb (0.2ms)
Completed 200 OK in 36ms (Views: 25.8ms | ActiveRecord: 0.6ms)


Started GET "/conspects/new" for 127.0.0.1 at 2018-11-16 20:47:18 +0300
  [1m[35m (0.1ms)[0m  [1m[34mSELECT "schema_migrations"."version" FROM "schema_migrations" ORDER BY "schema_migrations"."version" ASC[0m
  ↳ /var/lib/gems/2.5.0/gems/activerecord-5.2.1/lib/active_record/log_subscriber.rb:98
Processing by ConspectsController#new as HTML
  Rendering conspects/new.html.erb within layouts/application
  Rendered conspects/_form.html.erb (4.8ms)
  Rendered conspects/new.html.erb within layouts/application (5.7ms)
  Rendered devise/menu/_registration_items.erb (2.5ms)
  Rendered devise/menu/_login_items.erb (0.4ms)
  Rendered devise/menu/_conspects_items.erb (0.2ms)
Completed 200 OK in 176ms (Views: 163.3ms | ActiveRecord: 0.5ms)


Started GET "/users/sign_in" for 127.0.0.1 at 2018-11-16 20:47:21 +0300
Processing by Devise::SessionsController#new as HTML
  Rendering devise/sessions/new.html.erb within layouts/application
  Rendered devise/shared/_links.html.erb (0.9ms)
  Rendered devise/sessions/new.html.erb within layouts/application (3.9ms)
  Rendered devise/menu/_registration_items.erb (0.4ms)
  Rendered devise/menu/_login_items.erb (0.3ms)
  Rendered devise/menu/_conspects_items.erb (0.3ms)
Completed 200 OK in 30ms (Views: 19.1ms | ActiveRecord: 0.6ms)


Started POST "/users/sign_in" for 127.0.0.1 at 2018-11-16 20:47:25 +0300
Processing by Devise::SessionsController#create as HTML
  Parameters: {"utf8"=>"✓", "authenticity_token"=>"y5Ru3BPZZhpCwBVfinRT9dcNsNhiqTpB9eE09MoeYChbnOBCIxmqh3t8rf9L8ZAvNTdw6CDrFpYm5YhTTsE1ZA==", "user"=>{"email"=>"mythbusterpeter@gmail.com", "password"=>"[FILTERED]", "remember_me"=>"0"}, "commit"=>"Log in"}
  [1m[36mUser Load (0.2ms)[0m  [1m[34mSELECT  "users".* FROM "users" WHERE "users"."email" = ? ORDER BY "users"."id" ASC LIMIT ?[0m  [["email", "mythbusterpeter@gmail.com"], ["LIMIT", 1]]
  ↳ /var/lib/gems/2.5.0/gems/activerecord-5.2.1/lib/active_record/log_subscriber.rb:98
Redirected to http://localhost:3000/
Completed 302 Found in 125ms (ActiveRecord: 0.2ms)


Started GET "/" for 127.0.0.1 at 2018-11-16 20:47:25 +0300
Processing by ConspectsController#index as HTML
  Rendering conspects/index.html.erb within layouts/application
  [1m[36mConspect Load (0.2ms)[0m  [1m[34mSELECT "conspects".* FROM "conspects"[0m
  ↳ app/views/conspects/index.html.erb:18
  Rendered conspects/index.html.erb within layouts/application (1.2ms)
  [1m[36mUser Load (0.2ms)[0m  [1m[34mSELECT  "users".* FROM "users" WHERE "users"."id" = ? ORDER BY "users"."id" ASC LIMIT ?[0m  [["id", 1], ["LIMIT", 1]]
  ↳ app/views/devise/menu/_registration_items.erb:1
  Rendered devise/menu/_registration_items.erb (1.3ms)
  Rendered devise/menu/_login_items.erb (0.3ms)
  Rendered devise/menu/_conspects_items.erb (0.2ms)
Completed 200 OK in 18ms (Views: 16.5ms | ActiveRecord: 0.3ms)


Started GET "/conspects/new" for 127.0.0.1 at 2018-11-16 20:47:29 +0300
Processing by ConspectsController#new as HTML
  Rendering conspects/new.html.erb within layouts/application
  Rendered conspects/_form.html.erb (2.3ms)
  Rendered conspects/new.html.erb within layouts/application (3.4ms)
  [1m[36mUser Load (0.2ms)[0m  [1m[34mSELECT  "users".* FROM "users" WHERE "users"."id" = ? ORDER BY "users"."id" ASC LIMIT ?[0m  [["id", 1], ["LIMIT", 1]]
  ↳ app/views/devise/menu/_registration_items.erb:1
  Rendered devise/menu/_registration_items.erb (1.3ms)
  Rendered devise/menu/_login_items.erb (0.3ms)
  Rendered devise/menu/_conspects_items.erb (0.2ms)
Completed 200 OK in 24ms (Views: 22.1ms | ActiveRecord: 0.2ms)


Started POST "/conspects" for 127.0.0.1 at 2018-11-16 20:47:39 +0300
Processing by ConspectsController#create as HTML
  Parameters: {"utf8"=>"✓", "authenticity_token"=>"kot8pPz1P81H+0H5E1tZ6/Ob0qOjXvfw0xxZuoXV5hU/6R6ikZL+EOe8coFLU4bSGrPog4a9lANBwox1htTXmg==", "conspect"=>{"title"=>"Title", "description"=>"Description", "speciality_number"=>"444101", "content"=>"Test"}, "commit"=>"Create Conspect"}
  [1m[35m (0.1ms)[0m  [1m[36mbegin transaction[0m
  ↳ app/controllers/conspects_controller.rb:30
  [1m[35m (0.1ms)[0m  [1m[31mrollback transaction[0m
  ↳ app/controllers/conspects_controller.rb:30
  Rendering conspects/new.html.erb within layouts/application
  Rendered conspects/_form.html.erb (3.9ms)
  Rendered conspects/new.html.erb within layouts/application (5.3ms)
  [1m[36mUser Load (0.2ms)[0m  [1m[34mSELECT  "users".* FROM "users" WHERE "users"."id" = ? ORDER BY "users"."id" ASC LIMIT ?[0m  [["id", 1], ["LIMIT", 1]]
  ↳ app/views/devise/menu/_registration_items.erb:1
  Rendered devise/menu/_registration_items.erb (1.5ms)
  Rendered devise/menu/_login_items.erb (0.3ms)
  Rendered devise/menu/_conspects_items.erb (0.2ms)
Completed 200 OK in 28ms (Views: 22.4ms | ActiveRecord: 0.4ms)


Started POST "/conspects" for 127.0.0.1 at 2018-11-16 20:48:29 +0300
Processing by ConspectsController#create as HTML
  Parameters: {"utf8"=>"✓", "authenticity_token"=>"0TVMoL3kgU4mfBiBS3kHTj0ZbjdshgudVofmDfILXAIP+7WjbvJaxIsydRwaSse5aU7zXCx9DUt/ciA9howKsQ==", "conspect"=>{"title"=>"Title", "description"=>"Description", "speciality_number"=>"444101", "content"=>"Test"}, "commit"=>"Create Conspect"}
  [1m[35m (0.1ms)[0m  [1m[36mbegin transaction[0m
  ↳ app/controllers/conspects_controller.rb:30
  [1m[35m (0.1ms)[0m  [1m[31mrollback transaction[0m
  ↳ app/controllers/conspects_controller.rb:30
  Rendering conspects/new.html.erb within layouts/application
  Rendered conspects/_form.html.erb (3.4ms)
  Rendered conspects/new.html.erb within layouts/application (4.7ms)
  [1m[36mUser Load (0.2ms)[0m  [1m[34mSELECT  "users".* FROM "users" WHERE "users"."id" = ? ORDER BY "users"."id" ASC LIMIT ?[0m  [["id", 1], ["LIMIT", 1]]
  ↳ app/views/devise/menu/_registration_items.erb:1
  Rendered devise/menu/_registration_items.erb (1.3ms)
  Rendered devise/menu/_login_items.erb (0.3ms)
  Rendered devise/menu/_conspects_items.erb (0.2ms)
Completed 200 OK in 26ms (Views: 21.9ms | ActiveRecord: 0.3ms)


Started POST "/conspects" for 127.0.0.1 at 2018-11-16 20:49:04 +0300
Processing by ConspectsController#create as HTML
  Parameters: {"utf8"=>"✓", "authenticity_token"=>"uNxcZ9ENrfyUlBAzVhF7UHZ2vUFSvW5kyxf0tIL1CmNmEqVkAht2djnafa4HIrunIiEgKhJGaLLi4jKE9nJc0A==", "conspect"=>{"title"=>"Title", "description"=>"Description", "speciality_number"=>"444101", "content"=>"Test"}, "commit"=>"Create Conspect"}
  [1m[36mUser Load (0.1ms)[0m  [1m[34mSELECT  "users".* FROM "users" WHERE "users"."id" = ? ORDER BY "users"."id" ASC LIMIT ?[0m  [["id", 1], ["LIMIT", 1]]
  ↳ app/controllers/conspects_controller.rb:28
  [1m[35m (0.0ms)[0m  [1m[36mbegin transaction[0m
  ↳ app/controllers/conspects_controller.rb:31
  [1m[36mUser Load (0.1ms)[0m  [1m[34mSELECT  "users".* FROM "users" WHERE "users"."id" = ? LIMIT ?[0m  [["id", 1], ["LIMIT", 1]]
  ↳ app/controllers/conspects_controller.rb:31
  [1m[36mConspect Create (0.2ms)[0m  [1m[32mINSERT INTO "conspects" ("title", "description", "speciality_number", "content", "user_id", "created_at", "updated_at") VALUES (?, ?, ?, ?, ?, ?, ?)[0m  [["title", "Title"], ["description", "Description"], ["speciality_number", 444101], ["content", "Test"], ["user_id", 1], ["created_at", "2018-11-16 17:49:04.090328"], ["updated_at", "2018-11-16 17:49:04.090328"]]
  ↳ app/controllers/conspects_controller.rb:31
  [1m[35m (87.1ms)[0m  [1m[36mcommit transaction[0m
  ↳ app/controllers/conspects_controller.rb:31
Redirected to http://localhost:3000/conspects/2
Completed 302 Found in 118ms (ActiveRecord: 88.5ms)


Started GET "/conspects/2" for 127.0.0.1 at 2018-11-16 20:49:04 +0300
Processing by ConspectsController#show as HTML
  Parameters: {"id"=>"2"}
  [1m[36mConspect Load (0.3ms)[0m  [1m[34mSELECT  "conspects".* FROM "conspects" WHERE "conspects"."id" = ? LIMIT ?[0m  [["id", 2], ["LIMIT", 1]]
  ↳ app/controllers/conspects_controller.rb:68
  Rendering conspects/show.html.erb within layouts/application
  Rendered conspects/show.html.erb within layouts/application (0.7ms)
  [1m[36mUser Load (0.2ms)[0m  [1m[34mSELECT  "users".* FROM "users" WHERE "users"."id" = ? ORDER BY "users"."id" ASC LIMIT ?[0m  [["id", 1], ["LIMIT", 1]]
  ↳ app/views/devise/menu/_registration_items.erb:1
  Rendered devise/menu/_registration_items.erb (1.4ms)
  Rendered devise/menu/_login_items.erb (0.3ms)
  Rendered devise/menu/_conspects_items.erb (0.2ms)
Completed 200 OK in 20ms (Views: 17.4ms | ActiveRecord: 0.4ms)


Started GET "/conspects" for 127.0.0.1 at 2018-11-16 20:49:09 +0300
Processing by ConspectsController#index as HTML
  Rendering conspects/index.html.erb within layouts/application
  [1m[36mConspect Load (0.2ms)[0m  [1m[34mSELECT "conspects".* FROM "conspects"[0m
  ↳ app/views/conspects/index.html.erb:18
  Rendered conspects/index.html.erb within layouts/application (1.8ms)
  [1m[36mUser Load (0.2ms)[0m  [1m[34mSELECT  "users".* FROM "users" WHERE "users"."id" = ? ORDER BY "users"."id" ASC LIMIT ?[0m  [["id", 1], ["LIMIT", 1]]
  ↳ app/views/devise/menu/_registration_items.erb:1
  Rendered devise/menu/_registration_items.erb (1.3ms)
  Rendered devise/menu/_login_items.erb (0.3ms)
  Rendered devise/menu/_conspects_items.erb (0.2ms)
Completed 200 OK in 25ms (Views: 22.8ms | ActiveRecord: 0.3ms)


Started GET "/conspects/new" for 127.0.0.1 at 2018-11-16 20:50:04 +0300
Processing by ConspectsController#new as HTML
  Rendering conspects/new.html.erb within layouts/application
  Rendered conspects/_form.html.erb (1.9ms)
  Rendered conspects/new.html.erb within layouts/application (2.6ms)
  [1m[36mUser Load (0.1ms)[0m  [1m[34mSELECT  "users".* FROM "users" WHERE "users"."id" = ? ORDER BY "users"."id" ASC LIMIT ?[0m  [["id", 1], ["LIMIT", 1]]
  ↳ app/views/devise/menu/_registration_items.erb:1
  Rendered devise/menu/_registration_items.erb (9.8ms)
  Rendered devise/menu/_login_items.erb (0.4ms)
  Rendered devise/menu/_conspects_items.erb (0.2ms)
Completed 200 OK in 34ms (Views: 26.2ms | ActiveRecord: 1.0ms)


Started POST "/conspects" for 127.0.0.1 at 2018-11-16 20:50:13 +0300
Processing by ConspectsController#create as HTML
  Parameters: {"utf8"=>"✓", "authenticity_token"=>"bPI4SFW3P2cRk9rXPZLp6aIefFNmwqkxsnRlW8X6hujBkFpOOND+urHU6a9lmjbQSzZGc0MhysIgqrCUxvu3Zw==", "conspect"=>{"title"=>"Title", "description"=>"Description", "speciality_number"=>"444101", "content"=>"Test"}, "commit"=>"Create Conspect"}
  [1m[35m (0.1ms)[0m  [1m[36mbegin transaction[0m
  ↳ app/controllers/conspects_controller.rb:31
  [1m[35m (0.1ms)[0m  [1m[31mrollback transaction[0m
  ↳ app/controllers/conspects_controller.rb:31
  Rendering conspects/new.html.erb within layouts/application
  Rendered conspects/_form.html.erb (4.2ms)
  Rendered conspects/new.html.erb within layouts/application (5.7ms)
  [1m[36mUser Load (0.2ms)[0m  [1m[34mSELECT  "users".* FROM "users" WHERE "users"."id" = ? ORDER BY "users"."id" ASC LIMIT ?[0m  [["id", 1], ["LIMIT", 1]]
  ↳ app/views/devise/menu/_registration_items.erb:1
  Rendered devise/menu/_registration_items.erb (1.4ms)
  Rendered devise/menu/_login_items.erb (0.3ms)
  Rendered devise/menu/_conspects_items.erb (0.2ms)
Completed 200 OK in 27ms (Views: 23.2ms | ActiveRecord: 0.3ms)


Started POST "/conspects" for 127.0.0.1 at 2018-11-16 20:50:33 +0300
Processing by ConspectsController#create as HTML
  Parameters: {"utf8"=>"✓", "authenticity_token"=>"4Oss+3DAyCsVaTzr0RFrW+ToqeAVBH07lI21ItXUshc+JdX4o9YTobgnUXaAIqussL80i1X/e+29eHMSoVPkpA==", "conspect"=>{"title"=>"Title", "description"=>"Description", "speciality_number"=>"444101", "content"=>"Test"}, "commit"=>"Create Conspect"}
  [1m[35m (0.0ms)[0m  [1m[36mbegin transaction[0m
  ↳ app/controllers/conspects_controller.rb:31
  [1m[35m (0.0ms)[0m  [1m[31mrollback transaction[0m
  ↳ app/controllers/conspects_controller.rb:31
  Rendering conspects/new.html.erb within layouts/application
  Rendered conspects/_form.html.erb (1.9ms)
  Rendered conspects/new.html.erb within layouts/application (2.6ms)
  [1m[36mUser Load (0.1ms)[0m  [1m[34mSELECT  "users".* FROM "users" WHERE "users"."id" = ? ORDER BY "users"."id" ASC LIMIT ?[0m  [["id", 1], ["LIMIT", 1]]
  ↳ app/views/devise/menu/_registration_items.erb:1
  Rendered devise/menu/_registration_items.erb (16.5ms)
  Rendered devise/menu/_login_items.erb (0.3ms)
  Rendered devise/menu/_conspects_items.erb (0.2ms)
Completed 200 OK in 43ms (Views: 33.1ms | ActiveRecord: 1.1ms)


Started GET "/conspects" for 127.0.0.1 at 2018-11-16 20:51:03 +0300
Processing by ConspectsController#index as HTML
  Rendering conspects/index.html.erb within layouts/application
  [1m[36mConspect Load (0.2ms)[0m  [1m[34mSELECT "conspects".* FROM "conspects"[0m
  ↳ app/views/conspects/index.html.erb:18
  Rendered conspects/index.html.erb within layouts/application (10.2ms)
  [1m[36mUser Load (0.1ms)[0m  [1m[34mSELECT  "users".* FROM "users" WHERE "users"."id" = ? ORDER BY "users"."id" ASC LIMIT ?[0m  [["id", 1], ["LIMIT", 1]]
  ↳ app/views/devise/menu/_registration_items.erb:1
  Rendered devise/menu/_registration_items.erb (9.0ms)
  Rendered devise/menu/_login_items.erb (0.3ms)
  Rendered devise/menu/_conspects_items.erb (0.2ms)
Completed 200 OK in 39ms (Views: 33.0ms | ActiveRecord: 1.7ms)


Started GET "/conspects/new" for 127.0.0.1 at 2018-11-16 20:51:05 +0300
Processing by ConspectsController#new as HTML
  Rendering conspects/new.html.erb within layouts/application
  Rendered conspects/_form.html.erb (4.5ms)
  Rendered conspects/new.html.erb within layouts/application (6.1ms)
  [1m[36mUser Load (0.2ms)[0m  [1m[34mSELECT  "users".* FROM "users" WHERE "users"."id" = ? ORDER BY "users"."id" ASC LIMIT ?[0m  [["id", 1], ["LIMIT", 1]]
  ↳ app/views/devise/menu/_registration_items.erb:1
  Rendered devise/menu/_registration_items.erb (1.8ms)
  Rendered devise/menu/_login_items.erb (0.4ms)
  Rendered devise/menu/_conspects_items.erb (0.2ms)
Completed 200 OK in 28ms (Views: 26.0ms | ActiveRecord: 0.2ms)


Started POST "/conspects" for 127.0.0.1 at 2018-11-16 20:51:14 +0300
Processing by ConspectsController#create as HTML
  Parameters: {"utf8"=>"✓", "authenticity_token"=>"RK1ybfy90WsJnU38mFUfz1Mw3qKPYMKwM3+89/m7qi/pzxBrkdoQtqnafoTAXcD2uhjkgqqDoUOhoWk4+rqboA==", "conspect"=>{"title"=>"Title", "description"=>"Description", "speciality_number"=>"444101", "content"=>"Test"}, "commit"=>"Create Conspect"}
  [1m[35m (0.1ms)[0m  [1m[36mbegin transaction[0m
  ↳ app/controllers/conspects_controller.rb:31
  [1m[35m (0.1ms)[0m  [1m[31mrollback transaction[0m
  ↳ app/controllers/conspects_controller.rb:31
  Rendering conspects/new.html.erb within layouts/application
  Rendered conspects/_form.html.erb (2.3ms)
  Rendered conspects/new.html.erb within layouts/application (3.2ms)
  [1m[36mUser Load (0.2ms)[0m  [1m[34mSELECT  "users".* FROM "users" WHERE "users"."id" = ? ORDER BY "users"."id" ASC LIMIT ?[0m  [["id", 1], ["LIMIT", 1]]
  ↳ app/views/devise/menu/_registration_items.erb:1
  Rendered devise/menu/_registration_items.erb (1.4ms)
  Rendered devise/menu/_login_items.erb (0.3ms)
  Rendered devise/menu/_conspects_items.erb (0.2ms)
Completed 200 OK in 28ms (Views: 23.2ms | ActiveRecord: 0.4ms)


Started POST "/conspects" for 127.0.0.1 at 2018-11-16 20:51:26 +0300
Processing by ConspectsController#create as HTML
  Parameters: {"utf8"=>"✓", "authenticity_token"=>"Fzd+YenYXzGHuWI3h6eRLtRhx8kmGSemVz+8V9cJr5DJ+YdiOs6Euyr3D6rWlFHZgDZaombiIXB+ynpno475Iw==", "conspect"=>{"title"=>"Title", "description"=>"Description", "speciality_number"=>"444101", "content"=>"Test"}, "commit"=>"Create Conspect"}
  [1m[35m (0.0ms)[0m  [1m[36mbegin transaction[0m
  ↳ app/controllers/conspects_controller.rb:31
  [1m[35m (0.0ms)[0m  [1m[31mrollback transaction[0m
  ↳ app/controllers/conspects_controller.rb:31
  Rendering conspects/new.html.erb within layouts/application
  Rendered conspects/_form.html.erb (2.1ms)
  Rendered conspects/new.html.erb within layouts/application (2.8ms)
  [1m[36mUser Load (0.1ms)[0m  [1m[34mSELECT  "users".* FROM "users" WHERE "users"."id" = ? ORDER BY "users"."id" ASC LIMIT ?[0m  [["id", 1], ["LIMIT", 1]]
  ↳ app/views/devise/menu/_registration_items.erb:1
  Rendered devise/menu/_registration_items.erb (9.7ms)
  Rendered devise/menu/_login_items.erb (0.4ms)
  Rendered devise/menu/_conspects_items.erb (0.2ms)
Completed 200 OK in 37ms (Views: 27.0ms | ActiveRecord: 1.1ms)


Started GET "/users/edit" for 127.0.0.1 at 2018-11-16 20:53:41 +0300
Processing by Devise::RegistrationsController#edit as HTML
  [1m[36mUser Load (0.1ms)[0m  [1m[34mSELECT  "users".* FROM "users" WHERE "users"."id" = ? ORDER BY "users"."id" ASC LIMIT ?[0m  [["id", 1], ["LIMIT", 1]]
  ↳ /var/lib/gems/2.5.0/gems/activerecord-5.2.1/lib/active_record/log_subscriber.rb:98
  Rendering devise/registrations/edit.html.erb within layouts/application
  Rendered devise/registrations/edit.html.erb within layouts/application (2.7ms)
  Rendered devise/menu/_registration_items.erb (0.4ms)
  Rendered devise/menu/_login_items.erb (0.3ms)
  Rendered devise/menu/_conspects_items.erb (0.2ms)
Completed 200 OK in 29ms (Views: 18.9ms | ActiveRecord: 0.6ms)


Started GET "/conspects" for 127.0.0.1 at 2018-11-16 20:53:43 +0300
Processing by ConspectsController#index as HTML
  Rendering conspects/index.html.erb within layouts/application
  [1m[36mConspect Load (0.2ms)[0m  [1m[34mSELECT "conspects".* FROM "conspects"[0m
  ↳ app/views/conspects/index.html.erb:18
  [1m[36mUser Load (0.2ms)[0m  [1m[34mSELECT  "users".* FROM "users" WHERE "users"."id" = ? LIMIT ?[0m  [["id", 1], ["LIMIT", 1]]
  ↳ app/views/conspects/index.html.erb:24
  Rendered conspects/index.html.erb within layouts/application (11.0ms)
  [1m[36mUser Load (0.1ms)[0m  [1m[34mSELECT  "users".* FROM "users" WHERE "users"."id" = ? ORDER BY "users"."id" ASC LIMIT ?[0m  [["id", 1], ["LIMIT", 1]]
  ↳ app/views/devise/menu/_registration_items.erb:1
  Rendered devise/menu/_registration_items.erb (1.3ms)
  Rendered devise/menu/_login_items.erb (0.3ms)
  Rendered devise/menu/_conspects_items.erb (0.2ms)
Completed 200 OK in 32ms (Views: 27.5ms | ActiveRecord: 0.9ms)


Started GET "/conspects" for 127.0.0.1 at 2018-11-16 20:53:51 +0300
Processing by ConspectsController#index as HTML
  Rendering conspects/index.html.erb within layouts/application
  [1m[36mConspect Load (0.2ms)[0m  [1m[34mSELECT "conspects".* FROM "conspects"[0m
  ↳ app/views/conspects/index.html.erb:18
  [1m[36mUser Load (0.2ms)[0m  [1m[34mSELECT  "users".* FROM "users" WHERE "users"."id" = ? LIMIT ?[0m  [["id", 1], ["LIMIT", 1]]
  ↳ app/views/conspects/index.html.erb:24
  Rendered conspects/index.html.erb within layouts/application (3.7ms)
  [1m[36mUser Load (0.2ms)[0m  [1m[34mSELECT  "users".* FROM "users" WHERE "users"."id" = ? ORDER BY "users"."id" ASC LIMIT ?[0m  [["id", 1], ["LIMIT", 1]]
  ↳ app/views/devise/menu/_registration_items.erb:1
  Rendered devise/menu/_registration_items.erb (1.3ms)
  Rendered devise/menu/_login_items.erb (0.3ms)
  Rendered devise/menu/_conspects_items.erb (0.3ms)
Completed 200 OK in 23ms (Views: 21.5ms | ActiveRecord: 0.6ms)


Started GET "/conspects/2/edit" for 127.0.0.1 at 2018-11-16 20:54:20 +0300
Processing by ConspectsController#edit as HTML
  Parameters: {"id"=>"2"}
  [1m[36mConspect Load (0.3ms)[0m  [1m[34mSELECT  "conspects".* FROM "conspects" WHERE "conspects"."id" = ? LIMIT ?[0m  [["id", 2], ["LIMIT", 1]]
  ↳ app/controllers/conspects_controller.rb:68
  Rendering conspects/edit.html.erb within layouts/application
  Rendered conspects/_form.html.erb (2.5ms)
  Rendered conspects/edit.html.erb within layouts/application (3.6ms)
  [1m[36mUser Load (0.2ms)[0m  [1m[34mSELECT  "users".* FROM "users" WHERE "users"."id" = ? ORDER BY "users"."id" ASC LIMIT ?[0m  [["id", 1], ["LIMIT", 1]]
  ↳ app/views/devise/menu/_registration_items.erb:1
  Rendered devise/menu/_registration_items.erb (1.4ms)
  Rendered devise/menu/_login_items.erb (0.4ms)
  Rendered devise/menu/_conspects_items.erb (0.3ms)
Completed 200 OK in 25ms (Views: 21.6ms | ActiveRecord: 0.4ms)


Started PATCH "/conspects/2" for 127.0.0.1 at 2018-11-16 20:54:24 +0300
Processing by ConspectsController#update as HTML
  Parameters: {"utf8"=>"✓", "authenticity_token"=>"0FnoqYpn9nX3CNgKTyIuEOFPYJt6vN3IuSg0+TV7+moWMESw2bo0X3tFW/gR6Ykbyn64QUB5GrXfDFZkbx0Yig==", "conspect"=>{"title"=>"Title", "description"=>"Description", "speciality_number"=>"444101", "content"=>"Test"}, "commit"=>"Update Conspect", "id"=>"2"}
  [1m[36mConspect Load (0.2ms)[0m  [1m[34mSELECT  "conspects".* FROM "conspects" WHERE "conspects"."id" = ? LIMIT ?[0m  [["id", 2], ["LIMIT", 1]]
  ↳ app/controllers/conspects_controller.rb:68
  [1m[35m (0.1ms)[0m  [1m[36mbegin transaction[0m
  ↳ app/controllers/conspects_controller.rb:45
  [1m[36mUser Load (0.2ms)[0m  [1m[34mSELECT  "users".* FROM "users" WHERE "users"."id" = ? LIMIT ?[0m  [["id", 1], ["LIMIT", 1]]
  ↳ app/controllers/conspects_controller.rb:45
  [1m[35m (0.1ms)[0m  [1m[36mcommit transaction[0m
  ↳ app/controllers/conspects_controller.rb:45
Redirected to http://localhost:3000/conspects/2
Completed 302 Found in 7ms (ActiveRecord: 0.5ms)


Started GET "/conspects/2" for 127.0.0.1 at 2018-11-16 20:54:24 +0300
Processing by ConspectsController#show as HTML
  Parameters: {"id"=>"2"}
  [1m[36mConspect Load (0.2ms)[0m  [1m[34mSELECT  "conspects".* FROM "conspects" WHERE "conspects"."id" = ? LIMIT ?[0m  [["id", 2], ["LIMIT", 1]]
  ↳ app/controllers/conspects_controller.rb:68
  Rendering conspects/show.html.erb within layouts/application
  Rendered conspects/show.html.erb within layouts/application (1.2ms)
  [1m[36mUser Load (0.2ms)[0m  [1m[34mSELECT  "users".* FROM "users" WHERE "users"."id" = ? ORDER BY "users"."id" ASC LIMIT ?[0m  [["id", 1], ["LIMIT", 1]]
  ↳ app/views/devise/menu/_registration_items.erb:1
  Rendered devise/menu/_registration_items.erb (1.3ms)
  Rendered devise/menu/_login_items.erb (0.3ms)
  Rendered devise/menu/_conspects_items.erb (0.3ms)
Completed 200 OK in 23ms (Views: 20.2ms | ActiveRecord: 0.3ms)


Started GET "/conspects" for 127.0.0.1 at 2018-11-16 20:54:25 +0300
Processing by ConspectsController#index as HTML
  Rendering conspects/index.html.erb within layouts/application
  [1m[36mConspect Load (0.2ms)[0m  [1m[34mSELECT "conspects".* FROM "conspects"[0m
  ↳ app/views/conspects/index.html.erb:18
  [1m[36mUser Load (0.1ms)[0m  [1m[34mSELECT  "users".* FROM "users" WHERE "users"."id" = ? LIMIT ?[0m  [["id", 1], ["LIMIT", 1]]
  ↳ app/views/conspects/index.html.erb:24
  Rendered conspects/index.html.erb within layouts/application (2.5ms)
  [1m[36mUser Load (0.1ms)[0m  [1m[34mSELECT  "users".* FROM "users" WHERE "users"."id" = ? ORDER BY "users"."id" ASC LIMIT ?[0m  [["id", 1], ["LIMIT", 1]]
  ↳ app/views/devise/menu/_registration_items.erb:1
  Rendered devise/menu/_registration_items.erb (1.4ms)
  Rendered devise/menu/_login_items.erb (0.3ms)
  Rendered devise/menu/_conspects_items.erb (0.2ms)
Completed 200 OK in 31ms (Views: 28.8ms | ActiveRecord: 0.4ms)


